Netgen 1.5.149 compiled on Tue Jul  7 16:12:16 UTC 2020
Warning: netgen command 'format' use fully-qualified name '::netgen::format'
Warning: netgen command 'global' use fully-qualified name '::netgen::global'
Generating JSON file result
Reading netlist file /openLANE_flow/designs/spm/runs/19-07_12-45//results/magic/spm.spice
Reading netlist file /openLANE_flow/designs/spm/runs/19-07_12-45//results/lvs/spm.lvs.v
Warning:  A case-insensitive file has been read and so the	verilog file must be treated case-insensitive to match.
Creating placeholder cell definition for module scs8hd_and2_4.
Creating placeholder cell definition for module scs8hd_buf_1.
Creating placeholder cell definition for module scs8hd_o22a_4.
Creating placeholder cell definition for module scs8hd_a2bb2o_4.
Creating placeholder cell definition for module scs8hd_xor2_4.
Creating placeholder cell definition for module scs8hd_inv_8.
Creating placeholder cell definition for module scs8hd_or2_4.
Creating placeholder cell definition for module scs8hd_a21boi_4.
Creating placeholder cell definition for module scs8hd_dfrtp_4.
Creating placeholder cell definition for module scs8hd_clkbuf_4.
Creating placeholder cell definition for module scs8hd_clkbuf_16.
Creating placeholder cell definition for module scs8hd_decap_3.
Creating placeholder cell definition for module scs8hd_tapvpwrvgnd_1.
Creating placeholder cell definition for module scs8hd_diode_2.
Reading setup file /openLANE_flow/pdks//EFS8A/libs.tech/netgen/EFS8A_setup.tcl
Comparison output logged to file /openLANE_flow/designs/spm/runs/19-07_12-45//results/lvs/spm.lvs.log
Logging to file "/openLANE_flow/designs/spm/runs/19-07_12-45//results/lvs/spm.lvs.log" enabled
Contents of circuit 1:  Circuit: 'scs8hd_diode_2'
Circuit scs8hd_diode_2 contains 0 device instances.
Circuit contains 0 nets, and 3 disconnected pins.
Contents of circuit 2:  Circuit: 'scs8hd_diode_2'
Circuit scs8hd_diode_2 contains 0 device instances.
Circuit contains 0 nets.

Circuit scs8hd_diode_2 contains no devices.
Contents of circuit 1:  Circuit: 'scs8hd_clkbuf_4'
Circuit scs8hd_clkbuf_4 contains 0 device instances.
Circuit contains 0 nets, and 4 disconnected pins.
Contents of circuit 2:  Circuit: 'scs8hd_clkbuf_4'
Circuit scs8hd_clkbuf_4 contains 0 device instances.
Circuit contains 0 nets.

Circuit scs8hd_clkbuf_4 contains no devices.
Contents of circuit 1:  Circuit: 'scs8hd_xor2_4'
Circuit scs8hd_xor2_4 contains 0 device instances.
Circuit contains 0 nets, and 5 disconnected pins.
Contents of circuit 2:  Circuit: 'scs8hd_xor2_4'
Circuit scs8hd_xor2_4 contains 0 device instances.
Circuit contains 0 nets.

Circuit scs8hd_xor2_4 contains no devices.
Contents of circuit 1:  Circuit: 'scs8hd_o22a_4'
Circuit scs8hd_o22a_4 contains 0 device instances.
Circuit contains 0 nets, and 7 disconnected pins.
Contents of circuit 2:  Circuit: 'scs8hd_o22a_4'
Circuit scs8hd_o22a_4 contains 0 device instances.
Circuit contains 0 nets.

Circuit scs8hd_o22a_4 contains no devices.
Contents of circuit 1:  Circuit: 'scs8hd_buf_1'
Circuit scs8hd_buf_1 contains 0 device instances.
Circuit contains 0 nets, and 4 disconnected pins.
Contents of circuit 2:  Circuit: 'scs8hd_buf_1'
Circuit scs8hd_buf_1 contains 0 device instances.
Circuit contains 0 nets.

Circuit scs8hd_buf_1 contains no devices.
Contents of circuit 1:  Circuit: 'scs8hd_dfrtp_4'
Circuit scs8hd_dfrtp_4 contains 0 device instances.
Circuit contains 0 nets, and 6 disconnected pins.
Contents of circuit 2:  Circuit: 'scs8hd_dfrtp_4'
Circuit scs8hd_dfrtp_4 contains 0 device instances.
Circuit contains 0 nets.

Circuit scs8hd_dfrtp_4 contains no devices.
Contents of circuit 1:  Circuit: 'scs8hd_tapvpwrvgnd_1'
Circuit scs8hd_tapvpwrvgnd_1 contains 0 device instances.
Circuit contains 0 nets, and 2 disconnected pins.
Contents of circuit 2:  Circuit: 'scs8hd_tapvpwrvgnd_1'
Circuit scs8hd_tapvpwrvgnd_1 contains 0 device instances.
Circuit contains 0 nets.

Circuit scs8hd_tapvpwrvgnd_1 contains no devices.
Contents of circuit 1:  Circuit: 'scs8hd_a2bb2o_4'
Circuit scs8hd_a2bb2o_4 contains 0 device instances.
Circuit contains 0 nets, and 7 disconnected pins.
Contents of circuit 2:  Circuit: 'scs8hd_a2bb2o_4'
Circuit scs8hd_a2bb2o_4 contains 0 device instances.
Circuit contains 0 nets.

Circuit scs8hd_a2bb2o_4 contains no devices.
Contents of circuit 1:  Circuit: 'scs8hd_and2_4'
Circuit scs8hd_and2_4 contains 0 device instances.
Circuit contains 0 nets, and 5 disconnected pins.
Contents of circuit 2:  Circuit: 'scs8hd_and2_4'
Circuit scs8hd_and2_4 contains 0 device instances.
Circuit contains 0 nets.

Circuit scs8hd_and2_4 contains no devices.
Contents of circuit 1:  Circuit: 'scs8hd_inv_8'
Circuit scs8hd_inv_8 contains 0 device instances.
Circuit contains 0 nets, and 4 disconnected pins.
Contents of circuit 2:  Circuit: 'scs8hd_inv_8'
Circuit scs8hd_inv_8 contains 0 device instances.
Circuit contains 0 nets.

Circuit scs8hd_inv_8 contains no devices.
Contents of circuit 1:  Circuit: 'scs8hd_clkbuf_16'
Circuit scs8hd_clkbuf_16 contains 0 device instances.
Circuit contains 0 nets, and 4 disconnected pins.
Contents of circuit 2:  Circuit: 'scs8hd_clkbuf_16'
Circuit scs8hd_clkbuf_16 contains 0 device instances.
Circuit contains 0 nets.

Circuit scs8hd_clkbuf_16 contains no devices.
Contents of circuit 1:  Circuit: 'scs8hd_a21boi_4'
Circuit scs8hd_a21boi_4 contains 0 device instances.
Circuit contains 0 nets, and 6 disconnected pins.
Contents of circuit 2:  Circuit: 'scs8hd_a21boi_4'
Circuit scs8hd_a21boi_4 contains 0 device instances.
Circuit contains 0 nets.

Circuit scs8hd_a21boi_4 contains no devices.
Contents of circuit 1:  Circuit: 'scs8hd_or2_4'
Circuit scs8hd_or2_4 contains 0 device instances.
Circuit contains 0 nets, and 5 disconnected pins.
Contents of circuit 2:  Circuit: 'scs8hd_or2_4'
Circuit scs8hd_or2_4 contains 0 device instances.
Circuit contains 0 nets.

Circuit scs8hd_or2_4 contains no devices.
Contents of circuit 1:  Circuit: 'spm'
Circuit spm contains 1302 device instances.
  Class: scs8hd_clkbuf_16      instances:   1
  Class: scs8hd_o22a_4         instances:  31
  Class: scs8hd_or2_4          instances:   1
  Class: scs8hd_tapvpwrvgnd_1  instances: 180
  Class: scs8hd_xor2_4         instances:  31
  Class: scs8hd_diode_2        instances: 751
  Class: scs8hd_a2bb2o_4       instances:  31
  Class: scs8hd_buf_1          instances: 112
  Class: scs8hd_clkbuf_4       instances:   4
  Class: scs8hd_inv_8          instances:  63
  Class: scs8hd_a21boi_4       instances:   1
  Class: scs8hd_dfrtp_4        instances:  64
  Class: scs8hd_and2_4         instances:  32
Circuit contains 408 nets.
Contents of circuit 2:  Circuit: 'spm'
Circuit spm contains 1302 device instances.
  Class: scs8hd_clkbuf_16      instances:   1
  Class: scs8hd_o22a_4         instances:  31
  Class: scs8hd_or2_4          instances:   1
  Class: scs8hd_tapvpwrvgnd_1  instances: 180
  Class: scs8hd_xor2_4         instances:  31
  Class: scs8hd_diode_2        instances: 751
  Class: scs8hd_a2bb2o_4       instances:  31
  Class: scs8hd_buf_1          instances: 112
  Class: scs8hd_clkbuf_4       instances:   4
  Class: scs8hd_inv_8          instances:  63
  Class: scs8hd_a21boi_4       instances:   1
  Class: scs8hd_dfrtp_4        instances:  64
  Class: scs8hd_and2_4         instances:  32
Circuit contains 408 nets, and 2 disconnected pins.

Circuit 1 contains 1302 devices, Circuit 2 contains 1302 devices.
Circuit 1 contains 408 nets,    Circuit 2 contains 408 nets.

Circuits match with 215 symmetries.
Netlists match with 215 symmetries.
Circuits match correctly.
Result: Circuits match uniquely.
Logging to file "/openLANE_flow/designs/spm/runs/19-07_12-45//results/lvs/spm.lvs.log" disabled
LVS Done.
