OpenROAD 0.9.0 d6e0844670
This program is licensed under the BSD-3 license. See the LICENSE file for details. 
Components of the program may be licensed under more restrictive licenses which must be honored.
Notice 0: Reading LEF file:  /openLANE_flow/designs/spm/runs/19-07_12-45/tmp/merged_unpadded.lef
Notice 0:     Created 11 technology layers
Notice 0:     Created 25 technology vias
Notice 0:     Created 439 library cells
Notice 0: Finished LEF file:  /openLANE_flow/designs/spm/runs/19-07_12-45/tmp/merged_unpadded.lef
Notice 0: 
Reading DEF file: /openLANE_flow/designs/spm/runs/19-07_12-45/tmp/floorplan/pdn.def
Notice 0: Design: spm
Notice 0:     Created 38 pins.
Notice 0:     Created 637 components and 2396 component-terminals.
Notice 0:     Created 2 special nets and 0 connections.
Notice 0:     Created 406 nets and 1122 connections.
Notice 0: Finished DEF file: /openLANE_flow/designs/spm/runs/19-07_12-45/tmp/floorplan/pdn.def
[INFO]: Inserting scs8hd_diode_2...

[INFO]: 751 of scs8hd_diode_2 inserted!
[INFO]: Legalizing...
Warning: Cannot find MACRO with VDD/VSS pins.
Design Stats
--------------------------------
total instances          1388
multi row instances      1388
fixed instances           266
nets                      408
design area           13773.2 u^2
fixed area              548.0 u^2
movable area           7230.7 u^2
utilization                55 %
utilization padded         80 %
rows                       43
row height                2.7 u

Placement Analysis
--------------------------------
total displacement     3337.5 u
average displacement      2.4 u
max displacement         16.1 u
original HPWL          9578.0 u
legalized HPWL        10474.8 u
delta HPWL                  9 %

