===========================================================================
   Open Source Mixed-Height Standard Cell Detail Placer < OpenDP_v1.0 >    
   Developers : SangGi Do, Mingyu Woo                                      
===========================================================================
Parsed 10000 number of lines!!
Parsed 20000 number of lines!!
Parsed 30000 number of lines!!
Parsed 40000 number of lines!!
Parsed 50000 number of lines!!
Parsed 60000 number of lines!!
Reading /openLANE_flow/designs/spm/runs/19-07_12-45//tmp//merged.lef is Done

-------------------- INPUT FILES ----------------------------------
 benchmark name    : placement
 directory         : /openLANE_flow/designs/spm/runs/19-07_12-45//tmp
 lef               : /openLANE_flow/designs/spm/runs/19-07_12-45//tmp//merged.lef
 def               : /openLANE_flow/designs/spm/runs/19-07_12-45//tmp/placement/replace.def
-------------------------------------------------------------------
CoreArea: 
5520.000000 : 10880.000000 - 123280.000000 : 127840.000000
DieArea: 
0.000000 : 0.000000 - 117760.000000 : 116960.000000
Reading /openLANE_flow/designs/spm/runs/19-07_12-45//tmp/placement/replace.def is Done
-------------------- DESIGN ANALYSIS ------------------------------
  total cells              : 637
  multi cells              : 0
  fixed cells              : 266
  total nets               : 406
  design area              : 1.37732e+10
  total f_area             : 5.48026e+08
  total m_area             : 9.06494e+09
  design util              : 68.543
  num rows                 : 43
  row height               : 2720
-------------------------------------------------------------------
 non_group_cell_region_assign done ..
 - - - - - - - - - - - - - - - - - - - - - - - - 
 non_group_cell_placement done .. 
 - - - - - - - - - - - - - - - - - - - - - - - - 
Reading /openLANE_flow/designs/spm/runs/19-07_12-45//tmp/placement/replace.def is Done
 DEF file write success !! 
 location : /openLANE_flow/designs/spm/runs/19-07_12-45//results/placement/spm.placement.def
-------------------------------------------------------------------
 tasks                          Wtime      Ctime
 Parser                         0.120      0.090
 resgin assign                  0.120      0.090
 pre-placement                  0.120      0.090
 non Group cell placement       0.121      0.090
 All                            0.121      0.090
 - - - - - EVALUATION - - - - - 
 AVG_displacement : 2132.08
 SUM_displacement : 1.35814e+06
 MAX_displacement : 17618
 - - - - - - - - - - - - - - - - 
 GP HPWL          : 7197.41
 HPWL             : 8482.97
 avg_Disp_site    : 4.63496
 avg_Disp_row     : 0.783853
 delta_HPWL       : 17.8614
 ==== CHECK LEGALITY ==== 
 row_check ==>> PASS 
 site_check ==>> PASS 
 power_check ==>> PASS 
 edge_check ==>> PASS 
 placed_check ==>> PASS 
 overlap_check ==>> PASS 
 - - - - - < Program END > - - - - - 
