RePlAce Version: 1.0.0

** WARNING: Your Detail Placement Step must be skipped.
              (i.e. this program will be executed as -onlyGP)
     If you want to have DP after GP, please specify -dpflag and -dploc.

[INFO] TargetDensity = 0.700000
[INFO] ExperimentIndex = 0
[INFO] DirectoryPath = /openLANE_flow/designs/spm/runs/19-07_12-45//tmp/placement/replace/etc/spm.floorplan/experiment000
[PROC] Begin LefParsing ...
[LEF] Parsed 500 number of lines!!
[LEF] Parsed 1000 number of lines!!
[LEF] Parsed 1500 number of lines!!
[LEF] Parsed 2000 number of lines!!
[LEF] Parsed 2500 number of lines!!
[LEF] Parsed 3000 number of lines!!
[LEF] Parsed 3500 number of lines!!
[LEF] Parsed 4000 number of lines!!
[LEF] Parsed 4500 number of lines!!
[LEF] Parsed 5000 number of lines!!
[LEF] Parsed 5500 number of lines!!
[LEF] Parsed 6000 number of lines!!
[LEF] Parsed 6500 number of lines!!
[LEF] Parsed 7000 number of lines!!
[LEF] Parsed 7500 number of lines!!
[LEF] Parsed 8000 number of lines!!
[LEF] Parsed 8500 number of lines!!
[LEF] Parsed 9000 number of lines!!
[LEF] Parsed 9500 number of lines!!
[LEF] Parsed 10000 number of lines!!
[LEF] Parsed 10500 number of lines!!
[LEF] Parsed 11000 number of lines!!
[LEF] Parsed 11500 number of lines!!
[LEF] Parsed 12000 number of lines!!
[LEF] Parsed 12500 number of lines!!
[LEF] Parsed 13000 number of lines!!
[LEF] Parsed 13500 number of lines!!
[LEF] Parsed 14000 number of lines!!
[LEF] Parsed 14500 number of lines!!
[LEF] Parsed 15000 number of lines!!
[LEF] Parsed 15500 number of lines!!
[LEF] Parsed 16000 number of lines!!
[LEF] Parsed 16500 number of lines!!
[LEF] Parsed 17000 number of lines!!
[LEF] Parsed 17500 number of lines!!
[LEF] Parsed 18000 number of lines!!
[LEF] Parsed 18500 number of lines!!
[LEF] Parsed 19000 number of lines!!
[LEF] Parsed 19500 number of lines!!
[LEF] Parsed 20000 number of lines!!
[LEF] Parsed 20500 number of lines!!
[LEF] Parsed 21000 number of lines!!
[LEF] Parsed 21500 number of lines!!
[LEF] Parsed 22000 number of lines!!
[LEF] Parsed 22500 number of lines!!
[LEF] Parsed 23000 number of lines!!
[LEF] Parsed 23500 number of lines!!
[LEF] Parsed 24000 number of lines!!
[LEF] Parsed 24500 number of lines!!
[LEF] Parsed 25000 number of lines!!
[LEF] Parsed 25500 number of lines!!
[LEF] Parsed 26000 number of lines!!
[LEF] Parsed 26500 number of lines!!
[LEF] Parsed 27000 number of lines!!
[LEF] Parsed 27500 number of lines!!
[LEF] Parsed 28000 number of lines!!
[LEF] Parsed 28500 number of lines!!
[LEF] Parsed 29000 number of lines!!
[LEF] Parsed 29500 number of lines!!
[LEF] Parsed 30000 number of lines!!
[LEF] Parsed 30500 number of lines!!
[LEF] Parsed 31000 number of lines!!
[LEF] Parsed 31500 number of lines!!
[LEF] Parsed 32000 number of lines!!
[LEF] Parsed 32500 number of lines!!
[LEF] Parsed 33000 number of lines!!
[LEF] Parsed 33500 number of lines!!
[LEF] Parsed 34000 number of lines!!
[LEF] Parsed 34500 number of lines!!
[LEF] Parsed 35000 number of lines!!
[LEF] Parsed 35500 number of lines!!
[LEF] Parsed 36000 number of lines!!
[LEF] Parsed 36500 number of lines!!
[LEF] Parsed 37000 number of lines!!
[LEF] Parsed 37500 number of lines!!
[LEF] Parsed 38000 number of lines!!
[LEF] Parsed 38500 number of lines!!
[LEF] Parsed 39000 number of lines!!
[LEF] Parsed 39500 number of lines!!
[LEF] Parsed 40000 number of lines!!
[LEF] Parsed 40500 number of lines!!
[LEF] Parsed 41000 number of lines!!
[LEF] Parsed 41500 number of lines!!
[LEF] Parsed 42000 number of lines!!
[LEF] Parsed 42500 number of lines!!
[LEF] Parsed 43000 number of lines!!
[LEF] Parsed 43500 number of lines!!
[LEF] Parsed 44000 number of lines!!
[LEF] Parsed 44500 number of lines!!
[LEF] Parsed 45000 number of lines!!
[LEF] Parsed 45500 number of lines!!
[LEF] Parsed 46000 number of lines!!
[LEF] Parsed 46500 number of lines!!
[LEF] Parsed 47000 number of lines!!
[LEF] Parsed 47500 number of lines!!
[LEF] Parsed 48000 number of lines!!
[LEF] Parsed 48500 number of lines!!
[LEF] Parsed 49000 number of lines!!
[LEF] Parsed 49500 number of lines!!
[LEF] Parsed 50000 number of lines!!
[LEF] Parsed 50500 number of lines!!
[LEF] Parsed 51000 number of lines!!
[LEF] Parsed 51500 number of lines!!
[LEF] Parsed 52000 number of lines!!
[LEF] Parsed 52500 number of lines!!
[LEF] Parsed 53000 number of lines!!
[LEF] Parsed 53500 number of lines!!
[LEF] Parsed 54000 number of lines!!
[LEF] Parsed 54500 number of lines!!
[LEF] Parsed 55000 number of lines!!
[LEF] Parsed 55500 number of lines!!
[LEF] Parsed 56000 number of lines!!
[LEF] Parsed 56500 number of lines!!
[LEF] Parsed 57000 number of lines!!
[LEF] Parsed 57500 number of lines!!
[LEF] Parsed 58000 number of lines!!
[LEF] Parsed 58500 number of lines!!
[LEF] Parsed 59000 number of lines!!
[LEF] Parsed 59500 number of lines!!
[LEF] Parsed 60000 number of lines!!
[LEF] Parsed 60500 number of lines!!
[LEF] Parsed 61000 number of lines!!
[LEF] Parsed 61500 number of lines!!
[LEF] Parsed 62000 number of lines!!
[PROC] End LefParsing
[PROC] Begin DefParsing ...
WARNING (DEFPARS-7011): The NAMESCASESENSITIVE statement is obsolete in version 5.6 and later.
The DEF parser will ignore this statement. See file /openLANE_flow/designs/spm/runs/19-07_12-45//results/floorplan/spm.floorplan.def at line 2.

[PROC] End DefParsing
[INFO] DefUnit = 1000
[INFO] LefMetal1Name = li1
[INFO] DefSiteName = unithd
[INFO] ScaleDownUnit = 302.222229
[INFO] OffsetCoordi = (2640.000000, 0.000000)
[INFO] RowSize = (1.522059, 9.000000)
[INFO] NumRows = 43
[INFO] MacroCount = 0
[INFO] NumModules = 371
[INFO] NumTerminals = 302
[INFO] Inserted Dummy Terms = 0
[PROC] Begin Generate Un-fragmented Rows ...
[INFO] CoreAreaLxLy = (27.000000, 36.000000)
[INFO] CoreAreaUxUy = (416.647064, 423.000000)
[INFO] RowSize = (1.522059, 9.000000)
[INFO] NumRows = 43
[PROC] End Generate Un-fragmented Rows
[PROC] Begin DEF Net Parsing ...
** WARNING:  clk is detected.  It'll be automatically excluded (defNetStor)
[INFO] NumNets = 405
[INFO] NumPins = 1156
[PROC] End DEF Net Parsing
[PROC] LEF/DEF Parsing Success!
[INFO] AspectRatio = 0.993207
[INFO] RowMinXY = (27.000000, 36.000000)
[INFO] RowMaxXY = (416.647064, 423.000000)
[INFO] NumPlaceStdCells = 371
[INFO] NumPlaceMacros = 0
[INFO] RowSize = (1.522059, 9.000000)
[INFO] NumRows = 43
[INFO] GlobalAreaLxLy = (9.496324, 6.617647)
[INFO] GlobalAreaUxUy = (434.150726, 456.137848)
[INFO] PlaceAreaLxLy = (27.000000, 36.000000)
[INFO] PlaceAreaUxUy = (416.647064, 423.000000)
[INFO] TotalPlaceArea = 150793.406250
[INFO] TotalFixedArea = 5999.939453
[INFO] TotalWhiteSpaceArea = 144793.468750
[INFO] TotalPlaceMacrosArea = 0.000000
[INFO] TotalPlaceStdCellsArea = 99245.953125
[INFO] Util(%) = 65.815842
[INFO] 80pCellArea = 264.865845
[INFO] FillerInit: TotalFillerArea = 2109.476562
[INFO] FillerInit: NumFillerCells = 8
[INFO] FillerInit: FillerCellArea = 264.865173
[INFO] FillerInit: FillerCellSize = (29.429464, 9.000000)
[INFO] FillerInit: NumCells = 379
[INFO] FillerInit: NumModules = 371
[INFO] FillerInit: NumFillers = 8
INFO:  D_MSH = 1024 
INFO:  MSH(X, Y) = (32, 32)
[INFO] TierInit: TierUtil = 0.658158
[INFO] TierInit: NumModules = 371
[INFO] TierInit: PlaceArea = 150793.406250
[INFO] TierInit: CoreSpacingArea = 0.000000
[INFO] TierInit: TerminalArea = 5999.939453
[INFO] TierInit: ModuleArea = 99245.953125
[INFO] TierInit: FillerArea = 2109.476562
[INFO] TierInit: NumFillers = 8
[INFO] TierInit: FillerMinIdx = 371
[INFO] TierInit: FillerMaxIdx = 379
INFO:  dim_bin_cGP2D.(x,y) = (16, 16)
cell Init 2D:
tier->bin_stp: (24.3529 24.1875)
tier->half_bin_stp: (12.1765 12.0938)
PROC:  Start NESTEROV's Optimization
PROC:    Global Lagrangian Multiplier is Applied

ITER: 0
    HPWL=18079.400391
    OVFL=0.985144
    HPWL=(10720.849609, 7358.551270)
    POTN=1.879859E+07
    PHIC=1.474122E-10
    GRAD=1.304116E-02
    NuBT=0
    CPU =0.000000

ITER: 1
    HPWL=18079.273438
    OVFL=0.985144
    HPWL=(10720.739258, 7358.533691)
    POTN=1.879847E+07
    PHIC=1.547828E-10
    GRAD=1.405663E-02
    NuBT=1
    CPU =0.000595

ITER: 2
    HPWL=18077.085938
    OVFL=0.985144
    HPWL=(10718.586914, 7358.499512)
    POTN=1.879645E+07
    PHIC=1.625219E-10
    GRAD=1.404450E-02
    NuBT=1
    CPU =0.000188

ITER: 3
    HPWL=19785.263672
    OVFL=0.918219
    HPWL=(11361.528320, 8423.735352)
    POTN=1.633556E+07
    PHIC=1.706069E-10
    GRAD=1.120768E-02
    NuBT=1
    CPU =0.000628

ITER: 4
    HPWL=19593.117188
    OVFL=0.865053
    HPWL=(11082.140625, 8510.975586)
    POTN=1.488435E+07
    PHIC=1.791372E-10
    GRAD=5.585439E-03
    NuBT=2
    CPU =0.000356

ITER: 5
    HPWL=21564.410156
    OVFL=0.850723
    HPWL=(11464.267578, 10100.141602)
    POTN=1.360072E+07
    PHIC=1.880418E-10
    GRAD=4.180002E-03
    NuBT=2
    CPU =0.000402

ITER: 6
    HPWL=21975.832031
    OVFL=0.841730
    HPWL=(11402.355469, 10573.477539)
    POTN=1.214392E+07
    PHIC=1.974324E-10
    GRAD=5.445181E-03
    NuBT=2
    CPU =0.000339

ITER: 7
    HPWL=22535.664062
    OVFL=0.826354
    HPWL=(11568.180664, 10967.482422)
    POTN=1.089490E+07
    PHIC=2.072877E-10
    GRAD=4.594108E-03
    NuBT=2
    CPU =0.000333

ITER: 8
    HPWL=21832.304688
    OVFL=0.821580
    HPWL=(11206.421875, 10625.882812)
    POTN=9.811605E+06
    PHIC=2.176521E-10
    GRAD=5.749281E-03
    NuBT=1
    CPU =0.000237

ITER: 9
    HPWL=22106.960938
    OVFL=0.810036
    HPWL=(11215.598633, 10891.363281)
    POTN=8.763686E+06
    PHIC=2.285258E-10
    GRAD=5.758019E-03
    NuBT=2
    CPU =0.000373

ITER: 10
    HPWL=21270.583984
    OVFL=0.806691
    HPWL=(10858.942383, 10411.641602)
    POTN=7.970867E+06
    PHIC=2.399521E-10
    GRAD=5.736767E-03
    NuBT=2
    CPU =0.000335

ITER: 11
    HPWL=21671.701172
    OVFL=0.791284
    HPWL=(10866.654297, 10805.046875)
    POTN=7.043532E+06
    PHIC=2.519354E-10
    GRAD=6.638897E-03
    NuBT=1
    CPU =0.000259

ITER: 12
    HPWL=20911.367188
    OVFL=0.793671
    HPWL=(10612.393555, 10298.974609)
    POTN=6.405970E+06
    PHIC=2.645322E-10
    GRAD=6.069277E-03
    NuBT=2
    CPU =0.000337

ITER: 13
    HPWL=21295.222656
    OVFL=0.779294
    HPWL=(10596.669922, 10698.553711)
    POTN=5.681768E+06
    PHIC=2.777437E-10
    GRAD=6.626916E-03
    NuBT=1
    CPU =0.000187

ITER: 14
    HPWL=20689.347656
    OVFL=0.775273
    HPWL=(10427.702148, 10261.644531)
    POTN=5.179861E+06
    PHIC=2.916309E-10
    GRAD=6.479417E-03
    NuBT=2
    CPU =0.000450

ITER: 15
    HPWL=21159.548828
    OVFL=0.766119
    HPWL=(10440.537109, 10719.011719)
    POTN=4.588586E+06
    PHIC=3.061922E-10
    GRAD=7.825986E-03
    NuBT=1
    CPU =0.000216

ITER: 16
    HPWL=20433.078125
    OVFL=0.773686
    HPWL=(10219.629883, 10213.447266)
    POTN=4.210258E+06
    PHIC=3.215017E-10
    GRAD=7.109992E-03
    NuBT=2
    CPU =0.000356

ITER: 17
    HPWL=20772.771484
    OVFL=0.765731
    HPWL=(10202.000000, 10570.771484)
    POTN=3.742014E+06
    PHIC=3.375606E-10
    GRAD=7.426875E-03
    NuBT=1
    CPU =0.000172

ITER: 18
    HPWL=20156.644531
    OVFL=0.764077
    HPWL=(10016.090820, 10140.554688)
    POTN=3.455992E+06
    PHIC=3.544387E-10
    GRAD=7.321586E-03
    NuBT=2
    CPU =0.000343

ITER: 19
    HPWL=20632.277344
    OVFL=0.754113
    HPWL=(10085.422852, 10546.855469)
    POTN=3.082240E+06
    PHIC=3.721356E-10
    GRAD=8.387459E-03
    NuBT=1
    CPU =0.000182

ITER: 20
    HPWL=19837.250000
    OVFL=0.758664
    HPWL=(9825.272461, 10011.978516)
    POTN=2.876990E+06
    PHIC=3.907424E-10
    GRAD=7.472363E-03
    NuBT=2
    CPU =0.000308

ITER: 21
    HPWL=20222.179688
    OVFL=0.749840
    HPWL=(9882.297852, 10339.881836)
    POTN=2.599010E+06
    PHIC=4.102572E-10
    GRAD=7.878174E-03
    NuBT=1
    CPU =0.000210

ITER: 22
    HPWL=19561.906250
    OVFL=0.751129
    HPWL=(9671.790039, 9890.115234)
    POTN=2.453398E+06
    PHIC=4.307701E-10
    GRAD=7.499657E-03
    NuBT=2
    CPU =0.000385

ITER: 23
    HPWL=20059.636719
    OVFL=0.748786
    HPWL=(9791.264648, 10268.371094)
    POTN=2.233362E+06
    PHIC=4.522768E-10
    GRAD=8.419115E-03
    NuBT=1
    CPU =0.000161

ITER: 24
    HPWL=19367.689453
    OVFL=0.752204
    HPWL=(9568.709961, 9798.979492)
    POTN=2.144732E+06
    PHIC=4.748906E-10
    GRAD=7.616038E-03
    NuBT=2
    CPU =0.000290

ITER: 25
    HPWL=19730.750000
    OVFL=0.741656
    HPWL=(9651.681641, 10079.068359)
    POTN=1.985002E+06
    PHIC=4.986096E-10
    GRAD=7.491293E-03
    NuBT=1
    CPU =0.000160

ITER: 26
    HPWL=19130.398438
    OVFL=0.744374
    HPWL=(9455.575195, 9674.822266)
    POTN=1.923560E+06
    PHIC=5.235400E-10
    GRAD=7.064198E-03
    NuBT=2
    CPU =0.000346

ITER: 27
    HPWL=19641.746094
    OVFL=0.746843
    HPWL=(9614.517578, 10027.227539)
    POTN=1.819477E+06
    PHIC=5.496774E-10
    GRAD=7.896701E-03
    NuBT=1
    CPU =0.000160

ITER: 28
    HPWL=19065.339844
    OVFL=0.743927
    HPWL=(9432.831055, 9632.508789)
    POTN=1.802750E+06
    PHIC=5.771613E-10
    GRAD=7.027985E-03
    NuBT=2
    CPU =0.000295

ITER: 29
    HPWL=19323.824219
    OVFL=0.735888
    HPWL=(9510.004883, 9813.819336)
    POTN=1.720645E+06
    PHIC=6.059972E-10
    GRAD=6.561484E-03
    NuBT=1
    CPU =0.000159

ITER: 30
    HPWL=18872.429688
    OVFL=0.738211
    HPWL=(9373.645508, 9498.783203)
    POTN=1.710328E+06
    PHIC=6.362970E-10
    GRAD=6.141148E-03
    NuBT=2
    CPU =0.000330

ITER: 31
    HPWL=19279.214844
    OVFL=0.743203
    HPWL=(9502.708984, 9776.504883)
    POTN=1.669682E+06
    PHIC=6.680735E-10
    GRAD=6.807498E-03
    NuBT=1
    CPU =0.000152

ITER: 32
    HPWL=18845.630859
    OVFL=0.741908
    HPWL=(9375.800781, 9469.830078)
    POTN=1.695270E+06
    PHIC=7.014772E-10
    GRAD=5.906491E-03
    NuBT=2
    CPU =0.000326

ITER: 33
    HPWL=19017.722656
    OVFL=0.738125
    HPWL=(9431.232422, 9586.491211)
    POTN=1.667650E+06
    PHIC=7.365332E-10
    GRAD=5.165606E-03
    NuBT=1
    CPU =0.000168

ITER: 34
    HPWL=18735.589844
    OVFL=0.730300
    HPWL=(9356.072266, 9379.517578)
    POTN=1.682520E+06
    PHIC=7.733598E-10
    GRAD=4.874160E-03
    NuBT=2
    CPU =0.000334

ITER: 35
    HPWL=19006.539062
    OVFL=0.729869
    HPWL=(9440.768555, 9565.769531)
    POTN=1.669012E+06
    PHIC=8.119966E-10
    GRAD=5.417263E-03
    NuBT=1
    CPU =0.000176

ITER: 36
    HPWL=18694.394531
    OVFL=0.731454
    HPWL=(9356.517578, 9337.875977)
    POTN=1.702404E+06
    PHIC=8.525964E-10
    GRAD=4.344392E-03
    NuBT=2
    CPU =0.000295

ITER: 37
    HPWL=18830.298828
    OVFL=0.736753
    HPWL=(9399.293945, 9431.004883)
    POTN=1.704941E+06
    PHIC=8.952090E-10
    GRAD=3.868574E-03
    NuBT=1
    CPU =0.000168

ITER: 38
    HPWL=18669.257812
    OVFL=0.735955
    HPWL=(9358.583984, 9310.674805)
    POTN=1.736809E+06
    PHIC=9.399694E-10
    GRAD=3.576187E-03
    NuBT=2
    CPU =0.000317

ITER: 39
    HPWL=18803.451172
    OVFL=0.737371
    HPWL=(9398.511719, 9404.939453)
    POTN=1.741272E+06
    PHIC=9.869492E-10
    GRAD=3.396874E-03
    NuBT=1
    CPU =0.000175

ITER: 40
    HPWL=18649.714844
    OVFL=0.733383
    HPWL=(9361.312500, 9288.403320)
    POTN=1.764127E+06
    PHIC=1.036297E-09
    GRAD=2.764901E-03
    NuBT=2
    CPU =0.000310

ITER: 41
    HPWL=18721.189453
    OVFL=0.730839
    HPWL=(9378.905273, 9342.284180)
    POTN=1.765669E+06
    PHIC=1.088100E-09
    GRAD=2.458699E-03
    NuBT=1
    CPU =0.000160

ITER: 42
    HPWL=18637.564453
    OVFL=0.728692
    HPWL=(9361.653320, 9275.911133)
    POTN=1.782306E+06
    PHIC=1.142505E-09
    GRAD=1.970035E-03
    NuBT=2
    CPU =0.000389

ITER: 43
    HPWL=18688.613281
    OVFL=0.729435
    HPWL=(9371.265625, 9317.347656)
    POTN=1.783832E+06
    PHIC=1.199622E-09
    GRAD=1.881493E-03
    NuBT=1
    CPU =0.000246

ITER: 44
    HPWL=18638.316406
    OVFL=0.728367
    HPWL=(9362.934570, 9275.380859)
    POTN=1.796135E+06
    PHIC=1.259603E-09
    GRAD=1.379292E-03
    NuBT=2
    CPU =0.000316

ITER: 45
    HPWL=18665.789062
    OVFL=0.728336
    HPWL=(9367.989258, 9297.799805)
    POTN=1.796686E+06
    PHIC=1.322578E-09
    GRAD=1.141569E-03
    NuBT=1
    CPU =0.000179

ITER: 46
    HPWL=18643.128906
    OVFL=0.727840
    HPWL=(9365.967773, 9277.161133)
    POTN=1.803239E+06
    PHIC=1.388707E-09
    GRAD=8.124373E-04
    NuBT=2
    CPU =0.000382

ITER: 47
    HPWL=18660.152344
    OVFL=0.727953
    HPWL=(9368.411133, 9291.741211)
    POTN=1.801970E+06
    PHIC=1.458139E-09
    GRAD=6.844471E-04
    NuBT=1
    CPU =0.000163

ITER: 48
    HPWL=18651.437500
    OVFL=0.727747
    HPWL=(9368.337891, 9283.099609)
    POTN=1.803061E+06
    PHIC=1.531046E-09
    GRAD=5.363112E-04
    NuBT=2
    CPU =0.000349

ITER: 49
    HPWL=18658.523438
    OVFL=0.727804
    HPWL=(9368.627930, 9289.894531)
    POTN=1.799514E+06
    PHIC=1.607596E-09
    GRAD=4.724064E-04
    NuBT=1
    CPU =0.000172

ITER: 50
    HPWL=18652.449219
    OVFL=0.727787
    HPWL=(9367.896484, 9284.553711)
    POTN=1.795335E+06
    PHIC=1.687976E-09
    GRAD=4.979922E-04
    NuBT=1
    CPU =0.000203

ITER: 51
    HPWL=18665.035156
    OVFL=0.727885
    HPWL=(9367.337891, 9297.697266)
    POTN=1.785188E+06
    PHIC=1.772371E-09
    GRAD=8.785074E-04
    NuBT=2
    CPU =0.000315

ITER: 52
    HPWL=18645.625000
    OVFL=0.727557
    HPWL=(9364.666016, 9280.958984)
    POTN=1.780078E+06
    PHIC=1.860990E-09
    GRAD=1.019966E-03
    NuBT=2
    CPU =0.000285

ITER: 53
    HPWL=18672.390625
    OVFL=0.728776
    HPWL=(9366.169922, 9306.219727)
    POTN=1.768418E+06
    PHIC=1.954032E-09
    GRAD=1.302981E-03
    NuBT=2
    CPU =0.000469

ITER: 54
    HPWL=18643.242188
    OVFL=0.729201
    HPWL=(9361.002930, 9282.238281)
    POTN=1.764765E+06
    PHIC=2.051733E-09
    GRAD=1.558901E-03
    NuBT=2
    CPU =0.000446

ITER: 55
    HPWL=18681.701172
    OVFL=0.731070
    HPWL=(9365.794922, 9315.906250)
    POTN=1.752440E+06
    PHIC=2.154308E-09
    GRAD=1.663859E-03
    NuBT=2
    CPU =0.000331

ITER: 56
    HPWL=18639.445312
    OVFL=0.732743
    HPWL=(9356.552734, 9282.891602)
    POTN=1.751735E+06
    PHIC=2.262023E-09
    GRAD=1.928083E-03
    NuBT=1
    CPU =0.000261

ITER: 57
    HPWL=18689.996094
    OVFL=0.736122
    HPWL=(9365.184570, 9324.812500)
    POTN=1.740490E+06
    PHIC=2.375107E-09
    GRAD=1.917446E-03
    NuBT=2
    CPU =0.000349

ITER: 58
    HPWL=18628.048828
    OVFL=0.736993
    HPWL=(9348.727539, 9279.321289)
    POTN=1.742083E+06
    PHIC=2.493863E-09
    GRAD=1.929095E-03
    NuBT=1
    CPU =0.000204

ITER: 59
    HPWL=18699.097656
    OVFL=0.737972
    HPWL=(9364.475586, 9334.621094)
    POTN=1.729102E+06
    PHIC=2.618530E-09
    GRAD=2.148731E-03
    NuBT=1
    CPU =0.000173

ITER: 60
    HPWL=18625.447266
    OVFL=0.736189
    HPWL=(9342.699219, 9282.748047)
    POTN=1.731585E+06
    PHIC=2.749456E-09
    GRAD=2.182101E-03
    NuBT=1
    CPU =0.000190

ITER: 61
    HPWL=18690.199219
    OVFL=0.736221
    HPWL=(9357.282227, 9332.916992)
    POTN=1.717247E+06
    PHIC=2.886902E-09
    GRAD=2.172363E-03
    NuBT=1
    CPU =0.000184

ITER: 62
    HPWL=18612.816406
    OVFL=0.733811
    HPWL=(9333.407227, 9279.409180)
    POTN=1.717942E+06
    PHIC=3.031247E-09
    GRAD=2.057888E-03
    NuBT=1
    CPU =0.000169

ITER: 63
    HPWL=18674.251953
    OVFL=0.732261
    HPWL=(9348.412109, 9325.839844)
    POTN=1.704260E+06
    PHIC=3.182782E-09
    GRAD=2.085459E-03
    NuBT=1
    CPU =0.000185

ITER: 64
    HPWL=18605.841797
    OVFL=0.730027
    HPWL=(9326.474609, 9279.367188)
    POTN=1.705953E+06
    PHIC=3.341921E-09
    GRAD=2.080688E-03
    NuBT=1
    CPU =0.000158

ITER: 65
    HPWL=18667.552734
    OVFL=0.730174
    HPWL=(9341.917969, 9325.634766)
    POTN=1.695797E+06
    PHIC=3.508986E-09
    GRAD=2.090710E-03
    NuBT=1
    CPU =0.000170

ITER: 66
    HPWL=18596.324219
    OVFL=0.730791
    HPWL=(9319.251953, 9277.071289)
    POTN=1.698604E+06
    PHIC=3.684436E-09
    GRAD=1.936886E-03
    NuBT=1
    CPU =0.000263

ITER: 67
    HPWL=18646.238281
    OVFL=0.732231
    HPWL=(9330.814453, 9315.424805)
    POTN=1.689895E+06
    PHIC=3.868630E-09
    GRAD=1.796165E-03
    NuBT=1
    CPU =0.000155

ITER: 68
    HPWL=18585.742188
    OVFL=0.732864
    HPWL=(9311.892578, 9273.848633)
    POTN=1.695944E+06
    PHIC=4.062061E-09
    GRAD=1.632799E-03
    NuBT=1
    CPU =0.000182

ITER: 69
    HPWL=18632.074219
    OVFL=0.734176
    HPWL=(9322.393555, 9309.679688)
    POTN=1.689137E+06
    PHIC=4.265136E-09
    GRAD=1.553063E-03
    NuBT=1
    CPU =0.000213

ITER: 70
    HPWL=18579.865234
    OVFL=0.735276
    HPWL=(9306.486328, 9273.378906)
    POTN=1.695273E+06
    PHIC=4.478393E-09
    GRAD=1.429735E-03
    NuBT=1
    CPU =0.000155

ITER: 71
    HPWL=18619.363281
    OVFL=0.737318
    HPWL=(9314.644531, 9304.719727)
    POTN=1.690630E+06
    PHIC=4.702286E-09
    GRAD=1.299844E-03
    NuBT=1
    CPU =0.000207

ITER: 72
    HPWL=18575.324219
    OVFL=0.737595
    HPWL=(9301.695312, 9273.628906)
    POTN=1.696293E+06
    PHIC=4.937400E-09
    GRAD=1.120556E-03
    NuBT=1
    CPU =0.000171

ITER: 73
    HPWL=18605.140625
    OVFL=0.739244
    HPWL=(9307.107422, 9298.033203)
    POTN=1.693247E+06
    PHIC=5.184248E-09
    GRAD=9.832358E-04
    NuBT=1
    CPU =0.000192

ITER: 74
    HPWL=18573.187500
    OVFL=0.739626
    HPWL=(9298.233398, 9274.955078)
    POTN=1.697312E+06
    PHIC=5.443460E-09
    GRAD=8.543845E-04
    NuBT=1
    CPU =0.000180

ITER: 75
    HPWL=18595.886719
    OVFL=0.741225
    HPWL=(9302.437500, 9293.449219)
    POTN=1.694692E+06
    PHIC=5.715615E-09
    GRAD=7.327067E-04
    NuBT=1
    CPU =0.000170

ITER: 76
    HPWL=18572.394531
    OVFL=0.741728
    HPWL=(9295.687500, 9276.708008)
    POTN=1.697601E+06
    PHIC=6.001395E-09
    GRAD=5.933258E-04
    NuBT=1
    CPU =0.000259

ITER: 77
    HPWL=18588.113281
    OVFL=0.742451
    HPWL=(9299.253906, 9288.860352)
    POTN=1.695219E+06
    PHIC=6.301450E-09
    GRAD=4.650897E-04
    NuBT=1
    CPU =0.000168

ITER: 78
    HPWL=18574.037109
    OVFL=0.742566
    HPWL=(9294.793945, 9279.243164)
    POTN=1.696374E+06
    PHIC=6.616523E-09
    GRAD=3.583808E-04
    NuBT=1
    CPU =0.000168

ITER: 79
    HPWL=18582.371094
    OVFL=0.742786
    HPWL=(9297.011719, 9285.359375)
    POTN=1.694414E+06
    PHIC=6.947341E-09
    GRAD=2.703339E-04
    NuBT=1
    CPU =0.000171

ITER: 80
    HPWL=18576.214844
    OVFL=0.742666
    HPWL=(9295.178711, 9281.036133)
    POTN=1.694020E+06
    PHIC=7.294708E-09
    GRAD=2.114422E-04
    NuBT=1
    CPU =0.000215

ITER: 81
    HPWL=18579.121094
    OVFL=0.742524
    HPWL=(9296.101562, 9283.020508)
    POTN=1.692274E+06
    PHIC=7.659439E-09
    GRAD=1.816178E-04
    NuBT=1
    CPU =0.000253

ITER: 82
    HPWL=18576.085938
    OVFL=0.742016
    HPWL=(9295.595703, 9280.490234)
    POTN=1.690903E+06
    PHIC=8.042411E-09
    GRAD=1.978933E-04
    NuBT=1
    CPU =0.000224

ITER: 83
    HPWL=18584.007812
    OVFL=0.741181
    HPWL=(9298.119141, 9285.887695)
    POTN=1.687792E+06
    PHIC=8.444522E-09
    GRAD=3.544273E-04
    NuBT=2
    CPU =0.000441

ITER: 84
    HPWL=18572.888672
    OVFL=0.739895
    HPWL=(9295.873047, 9277.015625)
    POTN=1.687047E+06
    PHIC=8.866747E-09
    GRAD=4.047396E-04
    NuBT=2
    CPU =0.000482

ITER: 85
    HPWL=18589.191406
    OVFL=0.738627
    HPWL=(9301.227539, 9287.964844)
    POTN=1.683128E+06
    PHIC=9.310063E-09
    GRAD=5.631763E-04
    NuBT=2
    CPU =0.000450

ITER: 86
    HPWL=18572.451172
    OVFL=0.737083
    HPWL=(9298.004883, 9274.446289)
    POTN=1.683256E+06
    PHIC=9.775565E-09
    GRAD=6.317665E-04
    NuBT=2
    CPU =0.000510

ITER: 87
    HPWL=18594.115234
    OVFL=0.736431
    HPWL=(9304.718750, 9289.396484)
    POTN=1.678697E+06
    PHIC=1.026431E-08
    GRAD=7.513394E-04
    NuBT=2
    CPU =0.000498

ITER: 88
    HPWL=18573.000000
    OVFL=0.734954
    HPWL=(9300.556641, 9272.444336)
    POTN=1.679841E+06
    PHIC=1.077753E-08
    GRAD=8.048706E-04
    NuBT=2
    CPU =0.000490

ITER: 89
    HPWL=18601.328125
    OVFL=0.734542
    HPWL=(9309.771484, 9291.557617)
    POTN=1.674694E+06
    PHIC=1.131636E-08
    GRAD=9.601146E-04
    NuBT=1
    CPU =0.000181

ITER: 90
    HPWL=18573.970703
    OVFL=0.733042
    HPWL=(9303.339844, 9270.630859)
    POTN=1.677085E+06
    PHIC=1.188218E-08
    GRAD=9.354939E-04
    NuBT=2
    CPU =0.000340

ITER: 91
    HPWL=18601.509766
    OVFL=0.732894
    HPWL=(9312.664062, 9288.845703)
    POTN=1.672730E+06
    PHIC=1.247624E-08
    GRAD=9.657238E-04
    NuBT=1
    CPU =0.000193

ITER: 92
    HPWL=18576.023438
    OVFL=0.731541
    HPWL=(9306.669922, 9269.353516)
    POTN=1.675777E+06
    PHIC=1.310005E-08
    GRAD=1.085684E-03
    NuBT=1
    CPU =0.000222

ITER: 93
    HPWL=18608.917969
    OVFL=0.731179
    HPWL=(9318.163086, 9290.755859)
    POTN=1.671806E+06
    PHIC=1.375498E-08
    GRAD=1.111890E-03
    NuBT=1
    CPU =0.000255

ITER: 94
    HPWL=18577.634766
    OVFL=0.730284
    HPWL=(9309.706055, 9267.928711)
    POTN=1.675856E+06
    PHIC=1.444273E-08
    GRAD=1.064795E-03
    NuBT=1
    CPU =0.000299

ITER: 95
    HPWL=18604.892578
    OVFL=0.729623
    HPWL=(9319.028320, 9285.864258)
    POTN=1.673756E+06
    PHIC=1.516481E-08
    GRAD=9.946242E-04
    NuBT=1
    CPU =0.000177

ITER: 96
    HPWL=18579.304688
    OVFL=0.729079
    HPWL=(9312.390625, 9266.914062)
    POTN=1.678783E+06
    PHIC=1.592305E-08
    GRAD=9.931974E-04
    NuBT=1
    CPU =0.000243

ITER: 97
    HPWL=18606.591797
    OVFL=0.728864
    HPWL=(9322.036133, 9284.555664)
    POTN=1.678268E+06
    PHIC=1.671914E-08
    GRAD=9.952503E-04
    NuBT=1
    CPU =0.000175

ITER: 98
    HPWL=18581.429688
    OVFL=0.728357
    HPWL=(9315.108398, 9266.322266)
    POTN=1.683673E+06
    PHIC=1.755509E-08
    GRAD=9.696218E-04
    NuBT=1
    CPU =0.000164

ITER: 99
    HPWL=18604.544922
    OVFL=0.729080
    HPWL=(9323.345703, 9281.199219)
    POTN=1.684174E+06
    PHIC=1.843278E-08
    GRAD=8.889490E-04
    NuBT=1
    CPU =0.000160

ITER: 100
    HPWL=18582.830078
    OVFL=0.729232
    HPWL=(9317.328125, 9265.501953)
    POTN=1.689441E+06
    PHIC=1.935442E-08
    GRAD=8.184590E-04
    NuBT=1
    CPU =0.000154

ITER: 101
    HPWL=18602.951172
    OVFL=0.730377
    HPWL=(9324.606445, 9278.344727)
    POTN=1.690030E+06
    PHIC=2.032209E-08
    GRAD=7.560538E-04
    NuBT=1
    CPU =0.000165

ITER: 102
    HPWL=18584.492188
    OVFL=0.730703
    HPWL=(9319.549805, 9264.943359)
    POTN=1.694817E+06
    PHIC=2.133819E-08
    GRAD=7.038598E-04
    NuBT=1
    CPU =0.000220

ITER: 103
    HPWL=18602.089844
    OVFL=0.731538
    HPWL=(9325.920898, 9276.169922)
    POTN=1.694986E+06
    PHIC=2.240504E-08
    GRAD=6.301933E-04
    NuBT=1
    CPU =0.000154

ITER: 104
    HPWL=18586.214844
    OVFL=0.731885
    HPWL=(9321.488281, 9264.727539)
    POTN=1.698995E+06
    PHIC=2.352529E-08
    GRAD=5.546940E-04
    NuBT=1
    CPU =0.000157

ITER: 105
    HPWL=18600.246094
    OVFL=0.732518
    HPWL=(9326.727539, 9273.518555)
    POTN=1.699277E+06
    PHIC=2.470151E-08
    GRAD=4.767017E-04
    NuBT=1
    CPU =0.000161

ITER: 106
    HPWL=18588.656250
    OVFL=0.732807
    HPWL=(9323.651367, 9265.004883)
    POTN=1.702284E+06
    PHIC=2.593658E-08
    GRAD=4.069918E-04
    NuBT=1
    CPU =0.000168

ITER: 107
    HPWL=18598.773438
    OVFL=0.733206
    HPWL=(9327.285156, 9271.487305)
    POTN=1.702517E+06
    PHIC=2.723337E-08
    GRAD=3.367575E-04
    NuBT=1
    CPU =0.000161

ITER: 108
    HPWL=18590.802734
    OVFL=0.733367
    HPWL=(9325.043945, 9265.758789)
    POTN=1.704473E+06
    PHIC=2.859504E-08
    GRAD=2.687840E-04
    NuBT=1
    CPU =0.000192

ITER: 109
    HPWL=18597.031250
    OVFL=0.733554
    HPWL=(9327.210938, 9269.820312)
    POTN=1.704527E+06
    PHIC=3.002476E-08
    GRAD=2.051112E-04
    NuBT=1
    CPU =0.000158

ITER: 110
    HPWL=18593.378906
    OVFL=0.733589
    HPWL=(9326.301758, 9267.078125)
    POTN=1.705386E+06
    PHIC=3.152600E-08
    GRAD=1.522087E-04
    NuBT=1
    CPU =0.000156

ITER: 111
    HPWL=18595.822266
    OVFL=0.733601
    HPWL=(9327.132812, 9268.689453)
    POTN=1.705192E+06
    PHIC=3.310229E-08
    GRAD=1.168995E-04
    NuBT=1
    CPU =0.000168

ITER: 112
    HPWL=18595.062500
    OVFL=0.733520
    HPWL=(9326.920898, 9268.140625)
    POTN=1.705113E+06
    PHIC=3.475740E-08
    GRAD=1.020722E-04
    NuBT=1
    CPU =0.000167

ITER: 113
    HPWL=18595.658203
    OVFL=0.733343
    HPWL=(9326.883789, 9268.774414)
    POTN=1.704279E+06
    PHIC=3.649526E-08
    GRAD=1.033478E-04
    NuBT=1
    CPU =0.000173

ITER: 114
    HPWL=18593.771484
    OVFL=0.732775
    HPWL=(9325.814453, 9267.957031)
    POTN=1.702419E+06
    PHIC=3.832002E-08
    GRAD=2.069843E-04
    NuBT=2
    CPU =0.000313

ITER: 115
    HPWL=18596.632812
    OVFL=0.732406
    HPWL=(9326.285156, 9270.346680)
    POTN=1.700132E+06
    PHIC=4.023601E-08
    GRAD=2.216769E-04
    NuBT=2
    CPU =0.000301

ITER: 116
    HPWL=18592.914062
    OVFL=0.731767
    HPWL=(9324.351562, 9268.561523)
    POTN=1.698849E+06
    PHIC=4.224781E-08
    GRAD=3.363413E-04
    NuBT=2
    CPU =0.000303

ITER: 117
    HPWL=18597.734375
    OVFL=0.731398
    HPWL=(9325.393555, 9272.341797)
    POTN=1.695583E+06
    PHIC=4.436016E-08
    GRAD=3.801290E-04
    NuBT=2
    CPU =0.000334

ITER: 118
    HPWL=18592.501953
    OVFL=0.730755
    HPWL=(9322.989258, 9269.512695)
    POTN=1.694546E+06
    PHIC=4.657817E-08
    GRAD=4.612604E-04
    NuBT=2
    CPU =0.000293

ITER: 119
    HPWL=18598.722656
    OVFL=0.730483
    HPWL=(9324.262695, 9274.460938)
    POTN=1.690758E+06
    PHIC=4.890703E-08
    GRAD=4.982743E-04
    NuBT=2
    CPU =0.000331

ITER: 120
    HPWL=18592.289062
    OVFL=0.729693
    HPWL=(9321.291992, 9270.997070)
    POTN=1.689830E+06
    PHIC=5.135238E-08
    GRAD=6.184743E-04
    NuBT=1
    CPU =0.000227

ITER: 121
    HPWL=18599.683594
    OVFL=0.729560
    HPWL=(9323.161133, 9276.521484)
    POTN=1.685776E+06
    PHIC=5.391994E-08
    GRAD=5.877394E-04
    NuBT=2
    CPU =0.000288

ITER: 122
    HPWL=18590.628906
    OVFL=0.728643
    HPWL=(9319.381836, 9271.248047)
    POTN=1.684576E+06
    PHIC=5.661594E-08
    GRAD=5.907319E-04
    NuBT=1
    CPU =0.000168

ITER: 123
    HPWL=18600.265625
    OVFL=0.728522
    HPWL=(9321.955078, 9278.309570)
    POTN=1.680587E+06
    PHIC=5.944665E-08
    GRAD=6.684746E-04
    NuBT=1
    CPU =0.000182

ITER: 124
    HPWL=18590.185547
    OVFL=0.728201
    HPWL=(9317.609375, 9272.576172)
    POTN=1.679662E+06
    PHIC=6.241898E-08
    GRAD=6.903702E-04
    NuBT=1
    CPU =0.000169

ITER: 125
    HPWL=18599.712891
    OVFL=0.728556
    HPWL=(9320.346680, 9279.366211)
    POTN=1.675801E+06
    PHIC=6.553984E-08
    GRAD=6.566789E-04
    NuBT=1
    CPU =0.000351

ITER: 126
    HPWL=18588.820312
    OVFL=0.728698
    HPWL=(9316.121094, 9272.699219)
    POTN=1.675058E+06
    PHIC=6.881682E-08
    GRAD=5.993992E-04
    NuBT=1
    CPU =0.000270

ITER: 127
    HPWL=18598.542969
    OVFL=0.729069
    HPWL=(9318.794922, 9279.747070)
    POTN=1.671532E+06
    PHIC=7.225756E-08
    GRAD=5.881821E-04
    NuBT=1
    CPU =0.000200

ITER: 128
    HPWL=18588.369141
    OVFL=0.729383
    HPWL=(9314.827148, 9273.541992)
    POTN=1.671360E+06
    PHIC=7.587044E-08
    GRAD=5.861892E-04
    NuBT=1
    CPU =0.000196

ITER: 129
    HPWL=18598.650391
    OVFL=0.729646
    HPWL=(9317.841797, 9280.808594)
    POTN=1.667969E+06
    PHIC=7.966384E-08
    GRAD=5.714089E-04
    NuBT=1
    CPU =0.000225

ITER: 130
    HPWL=18588.003906
    OVFL=0.729906
    HPWL=(9313.941406, 9274.062500)
    POTN=1.668065E+06
    PHIC=8.364703E-08
    GRAD=5.189466E-04
    NuBT=1
    CPU =0.000165

ITER: 131
    HPWL=18597.339844
    OVFL=0.730182
    HPWL=(9316.612305, 9280.727539)
    POTN=1.665311E+06
    PHIC=8.782926E-08
    GRAD=4.739269E-04
    NuBT=1
    CPU =0.000204

ITER: 132
    HPWL=18588.472656
    OVFL=0.730336
    HPWL=(9313.460938, 9275.012695)
    POTN=1.665425E+06
    PHIC=9.222072E-08
    GRAD=4.356890E-04
    NuBT=1
    CPU =0.000154

ITER: 133
    HPWL=18596.693359
    OVFL=0.730743
    HPWL=(9315.760742, 9280.932617)
    POTN=1.663101E+06
    PHIC=9.683164E-08
    GRAD=4.053787E-04
    NuBT=1
    CPU =0.000219

ITER: 134
    HPWL=18589.171875
    OVFL=0.730773
    HPWL=(9313.252930, 9275.919922)
    POTN=1.663178E+06
    PHIC=1.016732E-07
    GRAD=3.604599E-04
    NuBT=1
    CPU =0.000278

ITER: 135
    HPWL=18596.113281
    OVFL=0.731046
    HPWL=(9315.261719, 9280.851562)
    POTN=1.660979E+06
    PHIC=1.067568E-07
    GRAD=3.126512E-04
    NuBT=1
    CPU =0.000265

ITER: 136
    HPWL=18590.777344
    OVFL=0.731071
    HPWL=(9313.433594, 9277.342773)
    POTN=1.660728E+06
    PHIC=1.120946E-07
    GRAD=2.654967E-04
    NuBT=1
    CPU =0.000298

ITER: 137
    HPWL=18595.970703
    OVFL=0.731322
    HPWL=(9315.155273, 9280.815430)
    POTN=1.658796E+06
    PHIC=1.176992E-07
    GRAD=2.245685E-04
    NuBT=1
    CPU =0.000260

ITER: 138
    HPWL=18592.984375
    OVFL=0.731287
    HPWL=(9314.058594, 9278.925781)
    POTN=1.658175E+06
    PHIC=1.235842E-07
    GRAD=1.846196E-04
    NuBT=1
    CPU =0.000407

ITER: 139
    HPWL=18596.484375
    OVFL=0.731396
    HPWL=(9315.380859, 9281.104492)
    POTN=1.656469E+06
    PHIC=1.297634E-07
    GRAD=1.467885E-04
    NuBT=1
    CPU =0.000483

ITER: 140
    HPWL=18595.062500
    OVFL=0.731315
    HPWL=(9314.963867, 9280.098633)
    POTN=1.655516E+06
    PHIC=1.362515E-07
    GRAD=1.165119E-04
    NuBT=1
    CPU =0.000320

ITER: 141
    HPWL=18597.705078
    OVFL=0.731301
    HPWL=(9316.107422, 9281.597656)
    POTN=1.653914E+06
    PHIC=1.430640E-07
    GRAD=9.541200E-05
    NuBT=1
    CPU =0.000255

ITER: 142
    HPWL=18597.195312
    OVFL=0.731144
    HPWL=(9316.130859, 9281.065430)
    POTN=1.652690E+06
    PHIC=1.502172E-07
    GRAD=9.090387E-05
    NuBT=1
    CPU =0.000255

ITER: 143
    HPWL=18600.207031
    OVFL=0.731000
    HPWL=(9317.323242, 9282.882812)
    POTN=1.650929E+06
    PHIC=1.577280E-07
    GRAD=1.156743E-04
    NuBT=1
    CPU =0.000270

ITER: 144
    HPWL=18599.585938
    OVFL=0.730695
    HPWL=(9317.701172, 9281.885742)
    POTN=1.649765E+06
    PHIC=1.656144E-07
    GRAD=1.584345E-04
    NuBT=2
    CPU =0.000589

ITER: 145
    HPWL=18603.703125
    OVFL=0.730487
    HPWL=(9319.250000, 9284.452148)
    POTN=1.647673E+06
    PHIC=1.738950E-07
    GRAD=1.959627E-04
    NuBT=2
    CPU =0.000559

ITER: 146
    HPWL=18601.666016
    OVFL=0.730023
    HPWL=(9319.257812, 9282.408203)
    POTN=1.646613E+06
    PHIC=1.825898E-07
    GRAD=2.340399E-04
    NuBT=2
    CPU =0.000495

ITER: 147
    HPWL=18607.513672
    OVFL=0.729773
    HPWL=(9321.659180, 9285.854492)
    POTN=1.644144E+06
    PHIC=1.917191E-07
    GRAD=2.728965E-04
    NuBT=2
    CPU =0.000681

ITER: 148
    HPWL=18604.273438
    OVFL=0.729301
    HPWL=(9321.192383, 9283.080078)
    POTN=1.643282E+06
    PHIC=2.013050E-07
    GRAD=3.006079E-04
    NuBT=2
    CPU =0.000471

ITER: 149
    HPWL=18612.064453
    OVFL=0.729037
    HPWL=(9324.531250, 9287.533203)
    POTN=1.640588E+06
    PHIC=2.113700E-07
    GRAD=3.545217E-04
    NuBT=1
    CPU =0.000230

ITER: 150
    HPWL=18607.589844
    OVFL=0.728456
    HPWL=(9323.347656, 9284.242188)
    POTN=1.639986E+06
    PHIC=2.219385E-07
    GRAD=4.035735E-04
    NuBT=1
    CPU =0.000263

ITER: 151
    HPWL=18616.996094
    OVFL=0.728078
    HPWL=(9327.483398, 9289.513672)
    POTN=1.637069E+06
    PHIC=2.330351E-07
    GRAD=4.042980E-04
    NuBT=1
    CPU =0.000255

ITER: 152
    HPWL=18611.292969
    OVFL=0.727537
    HPWL=(9325.919922, 9285.373047)
    POTN=1.636624E+06
    PHIC=2.446869E-07
    GRAD=3.958305E-04
    NuBT=1
    CPU =0.000240

ITER: 153
    HPWL=18620.734375
    OVFL=0.727178
    HPWL=(9329.889648, 9290.844727)
    POTN=1.633986E+06
    PHIC=2.569209E-07
    GRAD=4.018290E-04
    NuBT=1
    CPU =0.000237

ITER: 154
    HPWL=18614.992188
    OVFL=0.726707
    HPWL=(9328.308594, 9286.683594)
    POTN=1.633609E+06
    PHIC=2.697669E-07
    GRAD=4.292114E-04
    NuBT=1
    CPU =0.000269

ITER: 155
    HPWL=18625.882812
    OVFL=0.726606
    HPWL=(9332.918945, 9292.963867)
    POTN=1.631082E+06
    PHIC=2.832548E-07
    GRAD=4.393465E-04
    NuBT=1
    CPU =0.000252

ITER: 156
    HPWL=18619.097656
    OVFL=0.726300
    HPWL=(9330.867188, 9288.229492)
    POTN=1.630835E+06
    PHIC=2.974175E-07
    GRAD=4.316896E-04
    NuBT=1
    CPU =0.000260

ITER: 157
    HPWL=18629.761719
    OVFL=0.726148
    HPWL=(9335.542969, 9294.217773)
    POTN=1.628414E+06
    PHIC=3.122879E-07
    GRAD=4.109996E-04
    NuBT=1
    CPU =0.000293

ITER: 158
    HPWL=18623.687500
    OVFL=0.725789
    HPWL=(9333.815430, 9289.873047)
    POTN=1.628031E+06
    PHIC=3.279023E-07
    GRAD=4.045574E-04
    NuBT=1
    CPU =0.000223

ITER: 159
    HPWL=18633.953125
    OVFL=0.725543
    HPWL=(9338.296875, 9295.657227)
    POTN=1.625561E+06
    PHIC=3.442969E-07
    GRAD=3.985029E-04
    NuBT=1
    CPU =0.000239

ITER: 160
    HPWL=18628.853516
    OVFL=0.725302
    HPWL=(9336.833984, 9292.019531)
    POTN=1.624922E+06
    PHIC=3.615117E-07
    GRAD=3.889402E-04
    NuBT=1
    CPU =0.000366

ITER: 161
    HPWL=18638.402344
    OVFL=0.725552
    HPWL=(9341.108398, 9297.293945)
    POTN=1.622442E+06
    PHIC=3.795868E-07
    GRAD=3.657113E-04
    NuBT=1
    CPU =0.000346

ITER: 162
    HPWL=18634.162109
    OVFL=0.725307
    HPWL=(9339.977539, 9294.184570)
    POTN=1.621464E+06
    PHIC=3.985661E-07
    GRAD=3.444077E-04
    NuBT=1
    CPU =0.000172

ITER: 163
    HPWL=18642.755859
    OVFL=0.725468
    HPWL=(9343.672852, 9299.083008)
    POTN=1.618639E+06
    PHIC=4.184938E-07
    GRAD=3.218049E-04
    NuBT=1
    CPU =0.000778

ITER: 164
    HPWL=18639.919922
    OVFL=0.725187
    HPWL=(9343.212891, 9296.707031)
    POTN=1.617074E+06
    PHIC=4.394185E-07
    GRAD=3.064771E-04
    NuBT=1
    CPU =0.000264

ITER: 165
    HPWL=18648.009766
    OVFL=0.725239
    HPWL=(9346.759766, 9301.250000)
    POTN=1.613722E+06
    PHIC=4.613889E-07
    GRAD=2.861120E-04
    NuBT=1
    CPU =0.000221

ITER: 166
    HPWL=18645.951172
    OVFL=0.724937
    HPWL=(9346.588867, 9299.362305)
    POTN=1.611533E+06
    PHIC=4.844583E-07
    GRAD=2.679617E-04
    NuBT=1
    CPU =0.000165

ITER: 167
    HPWL=18653.623047
    OVFL=0.724895
    HPWL=(9349.694336, 9303.928711)
    POTN=1.607762E+06
    PHIC=5.086806E-07
    GRAD=2.495720E-04
    NuBT=1
    CPU =0.000262

ITER: 168
    HPWL=18652.482422
    OVFL=0.724553
    HPWL=(9349.917969, 9302.564453)
    POTN=1.604789E+06
    PHIC=5.341146E-07
    GRAD=2.411753E-04
    NuBT=1
    CPU =0.000427

ITER: 169
    HPWL=18660.353516
    OVFL=0.724463
    HPWL=(9352.936523, 9307.416992)
    POTN=1.600415E+06
    PHIC=5.608197E-07
    GRAD=2.387687E-04
    NuBT=1
    CPU =0.000327

ITER: 170
    HPWL=18659.255859
    OVFL=0.724081
    HPWL=(9352.962891, 9306.292969)
    POTN=1.596839E+06
    PHIC=5.888607E-07
    GRAD=2.426166E-04
    NuBT=1
    CPU =0.000330

ITER: 171
    HPWL=18667.527344
    OVFL=0.723941
    HPWL=(9356.575195, 9310.951172)
    POTN=1.591861E+06
    PHIC=6.183030E-07
    GRAD=2.527436E-04
    NuBT=1
    CPU =0.000286

ITER: 172
    HPWL=18666.330078
    OVFL=0.723490
    HPWL=(9356.179688, 9310.150391)
    POTN=1.587675E+06
    PHIC=6.492182E-07
    GRAD=2.693986E-04
    NuBT=1
    CPU =0.000249

ITER: 173
    HPWL=18675.875000
    OVFL=0.723319
    HPWL=(9360.406250, 9315.469727)
    POTN=1.581900E+06
    PHIC=6.816781E-07
    GRAD=2.892434E-04
    NuBT=1
    CPU =0.000192

ITER: 174
    HPWL=18674.031250
    OVFL=0.722799
    HPWL=(9359.757812, 9314.272461)
    POTN=1.577148E+06
    PHIC=7.157620E-07
    GRAD=3.130516E-04
    NuBT=1
    CPU =0.000225

ITER: 175
    HPWL=18684.455078
    OVFL=0.722533
    HPWL=(9363.970703, 9320.484375)
    POTN=1.570520E+06
    PHIC=7.515490E-07
    GRAD=3.397293E-04
    NuBT=1
    CPU =0.000200

ITER: 176
    HPWL=18682.578125
    OVFL=0.721959
    HPWL=(9363.341797, 9319.235352)
    POTN=1.565411E+06
    PHIC=7.891264E-07
    GRAD=3.657742E-04
    NuBT=1
    CPU =0.000210

ITER: 177
    HPWL=18693.882812
    OVFL=0.721664
    HPWL=(9367.881836, 9326.000977)
    POTN=1.558118E+06
    PHIC=8.285813E-07
    GRAD=3.861454E-04
    NuBT=1
    CPU =0.000213

ITER: 178
    HPWL=18691.144531
    OVFL=0.721148
    HPWL=(9367.008789, 9324.135742)
    POTN=1.552724E+06
    PHIC=8.700104E-07
    GRAD=4.055372E-04
    NuBT=1
    CPU =0.000196

ITER: 179
    HPWL=18703.937500
    OVFL=0.721102
    HPWL=(9372.025391, 9331.913086)
    POTN=1.544916E+06
    PHIC=9.135092E-07
    GRAD=4.308839E-04
    NuBT=1
    CPU =0.000223

ITER: 180
    HPWL=18702.062500
    OVFL=0.720534
    HPWL=(9372.293945, 9329.768555)
    POTN=1.539183E+06
    PHIC=9.591846E-07
    GRAD=4.489556E-04
    NuBT=1
    CPU =0.000179

ITER: 181
    HPWL=18715.210938
    OVFL=0.720503
    HPWL=(9377.009766, 9338.202148)
    POTN=1.531098E+06
    PHIC=1.007142E-06
    GRAD=4.518432E-04
    NuBT=1
    CPU =0.000201

ITER: 182
    HPWL=18713.603516
    OVFL=0.719876
    HPWL=(9376.691406, 9336.912109)
    POTN=1.524821E+06
    PHIC=1.057499E-06
    GRAD=4.653403E-04
    NuBT=1
    CPU =0.000333

ITER: 183
    HPWL=18727.785156
    OVFL=0.719821
    HPWL=(9382.442383, 9345.343750)
    POTN=1.516117E+06
    PHIC=1.110372E-06
    GRAD=4.959678E-04
    NuBT=1
    CPU =0.000163

ITER: 184
    HPWL=18726.644531
    OVFL=0.719008
    HPWL=(9381.693359, 9344.950195)
    POTN=1.509221E+06
    PHIC=1.165890E-06
    GRAD=5.200515E-04
    NuBT=1
    CPU =0.000206

ITER: 185
    HPWL=18741.300781
    OVFL=0.718825
    HPWL=(9388.255859, 9353.043945)
    POTN=1.499788E+06
    PHIC=1.224182E-06
    GRAD=5.350938E-04
    NuBT=1
    CPU =0.000318

ITER: 186
    HPWL=18740.179688
    OVFL=0.717923
    HPWL=(9387.939453, 9352.239258)
    POTN=1.492373E+06
    PHIC=1.285391E-06
    GRAD=5.056306E-04
    NuBT=1
    CPU =0.000175

ITER: 187
    HPWL=18754.437500
    OVFL=0.717577
    HPWL=(9394.819336, 9359.617188)
    POTN=1.482392E+06
    PHIC=1.349658E-06
    GRAD=4.874254E-04
    NuBT=1
    CPU =0.000352

ITER: 188
    HPWL=18754.246094
    OVFL=0.716635
    HPWL=(9395.165039, 9359.082031)
    POTN=1.474288E+06
    PHIC=1.417141E-06
    GRAD=5.148905E-04
    NuBT=1
    CPU =0.000321

ITER: 189
    HPWL=18769.566406
    OVFL=0.716239
    HPWL=(9401.197266, 9368.368164)
    POTN=1.463722E+06
    PHIC=1.487994E-06
    GRAD=5.508946E-04
    NuBT=1
    CPU =0.000246

ITER: 190
    HPWL=18770.007812
    OVFL=0.715213
    HPWL=(9401.802734, 9368.205078)
    POTN=1.455389E+06
    PHIC=1.562394E-06
    GRAD=5.620278E-04
    NuBT=1
    CPU =0.000191

ITER: 191
    HPWL=18787.433594
    OVFL=0.714731
    HPWL=(9410.083984, 9377.348633)
    POTN=1.444518E+06
    PHIC=1.640509E-06
    GRAD=5.447660E-04
    NuBT=1
    CPU =0.000173

ITER: 192
    HPWL=18788.503906
    OVFL=0.713851
    HPWL=(9409.601562, 9378.902344)
    POTN=1.435751E+06
    PHIC=1.722534E-06
    GRAD=5.436349E-04
    NuBT=1
    CPU =0.000216

ITER: 193
    HPWL=18806.412109
    OVFL=0.713573
    HPWL=(9418.145508, 9388.266602)
    POTN=1.424402E+06
    PHIC=1.808657E-06
    GRAD=5.590107E-04
    NuBT=1
    CPU =0.000253

ITER: 194
    HPWL=18804.902344
    OVFL=0.712669
    HPWL=(9417.504883, 9387.398438)
    POTN=1.414900E+06
    PHIC=1.899089E-06
    GRAD=5.965732E-04
    NuBT=1
    CPU =0.000274

ITER: 195
    HPWL=18825.226562
    OVFL=0.712326
    HPWL=(9426.573242, 9398.653320)
    POTN=1.402672E+06
    PHIC=1.994038E-06
    GRAD=6.134733E-04
    NuBT=1
    CPU =0.000379

ITER: 196
    HPWL=18822.648438
    OVFL=0.711372
    HPWL=(9424.802734, 9397.844727)
    POTN=1.392502E+06
    PHIC=2.093740E-06
    GRAD=6.199863E-04
    NuBT=1
    CPU =0.000344

ITER: 197
    HPWL=18844.335938
    OVFL=0.710845
    HPWL=(9435.563477, 9408.771484)
    POTN=1.379641E+06
    PHIC=2.198420E-06
    GRAD=6.134821E-04
    NuBT=1
    CPU =0.000393

ITER: 198
    HPWL=18845.357422
    OVFL=0.709711
    HPWL=(9435.146484, 9410.210938)
    POTN=1.368506E+06
    PHIC=2.308341E-06
    GRAD=6.370493E-04
    NuBT=1
    CPU =0.000339

ITER: 199
    HPWL=18867.945312
    OVFL=0.709067
    HPWL=(9445.741211, 9422.205078)
    POTN=1.354691E+06
    PHIC=2.423750E-06
    GRAD=6.698570E-04
    NuBT=1
    CPU =0.000187

ITER: 200
    HPWL=18869.890625
    OVFL=0.707633
    HPWL=(9445.768555, 9424.121094)
    POTN=1.342625E+06
    PHIC=2.544936E-06
    GRAD=7.113745E-04
    NuBT=1
    CPU =0.000171

ITER: 201
    HPWL=18892.839844
    OVFL=0.707084
    HPWL=(9457.900391, 9434.940430)
    POTN=1.328251E+06
    PHIC=2.672174E-06
    GRAD=7.017492E-04
    NuBT=1
    CPU =0.000194

ITER: 202
    HPWL=18895.140625
    OVFL=0.705604
    HPWL=(9459.923828, 9435.216797)
    POTN=1.315801E+06
    PHIC=2.805782E-06
    GRAD=7.057535E-04
    NuBT=1
    CPU =0.000209

ITER: 203
    HPWL=18918.472656
    OVFL=0.704917
    HPWL=(9470.869141, 9447.602539)
    POTN=1.301212E+06
    PHIC=2.946061E-06
    GRAD=7.293100E-04
    NuBT=1
    CPU =0.000205

ITER: 204
    HPWL=18919.640625
    OVFL=0.703279
    HPWL=(9472.741211, 9446.898438)
    POTN=1.288328E+06
    PHIC=3.093364E-06
    GRAD=7.882531E-04
    NuBT=1
    CPU =0.000173

ITER: 205
    HPWL=18945.175781
    OVFL=0.702462
    HPWL=(9483.005859, 9462.169922)
    POTN=1.273563E+06
    PHIC=3.248020E-06
    GRAD=8.199634E-04
    NuBT=1
    CPU =0.000162

ITER: 206
    HPWL=18946.816406
    OVFL=0.700780
    HPWL=(9487.030273, 9459.787109)
    POTN=1.260608E+06
    PHIC=3.410420E-06
    GRAD=8.331449E-04
    NuBT=1
    CPU =0.000165

ITER: 207
    HPWL=18972.601562
    OVFL=0.699722
    HPWL=(9495.289062, 9477.311523)
    POTN=1.245443E+06
    PHIC=3.580928E-06
    GRAD=8.295153E-04
    NuBT=1
    CPU =0.000195

ITER: 208
    HPWL=18974.949219
    OVFL=0.697573
    HPWL=(9501.341797, 9473.608398)
    POTN=1.231820E+06
    PHIC=3.759973E-06
    GRAD=8.776344E-04
    NuBT=1
    CPU =0.000273

ITER: 209
    HPWL=18997.851562
    OVFL=0.696259
    HPWL=(9510.022461, 9487.830078)
    POTN=1.215968E+06
    PHIC=3.947959E-06
    GRAD=9.024218E-04
    NuBT=1
    CPU =0.000180

ITER: 210
    HPWL=18998.832031
    OVFL=0.693961
    HPWL=(9515.102539, 9483.729492)
    POTN=1.201922E+06
    PHIC=4.145356E-06
    GRAD=9.500142E-04
    NuBT=1
    CPU =0.000175

ITER: 211
    HPWL=19028.095703
    OVFL=0.692565
    HPWL=(9524.521484, 9503.574219)
    POTN=1.185882E+06
    PHIC=4.352606E-06
    GRAD=9.535393E-04
    NuBT=1
    CPU =0.000160

ITER: 212
    HPWL=19027.914062
    OVFL=0.690479
    HPWL=(9530.207031, 9497.707031)
    POTN=1.171708E+06
    PHIC=4.570236E-06
    GRAD=9.828284E-04
    NuBT=1
    CPU =0.000156

ITER: 213
    HPWL=19056.818359
    OVFL=0.689034
    HPWL=(9537.381836, 9519.436523)
    POTN=1.155311E+06
    PHIC=4.798728E-06
    GRAD=1.014557E-03
    NuBT=1
    CPU =0.000243

ITER: 214
    HPWL=19057.464844
    OVFL=0.686627
    HPWL=(9545.040039, 9512.423828)
    POTN=1.140785E+06
    PHIC=5.038663E-06
    GRAD=1.082118E-03
    NuBT=1
    CPU =0.000254

ITER: 215
    HPWL=19088.714844
    OVFL=0.684440
    HPWL=(9553.078125, 9535.637695)
    POTN=1.124002E+06
    PHIC=5.290573E-06
    GRAD=1.088211E-03
    NuBT=1
    CPU =0.000265

ITER: 216
    HPWL=19085.425781
    OVFL=0.681761
    HPWL=(9558.763672, 9526.662109)
    POTN=1.109648E+06
    PHIC=5.555101E-06
    GRAD=1.117982E-03
    NuBT=1
    CPU =0.000263

ITER: 217
    HPWL=19119.863281
    OVFL=0.679361
    HPWL=(9568.780273, 9551.083008)
    POTN=1.092512E+06
    PHIC=5.832828E-06
    GRAD=1.122792E-03
    NuBT=1
    CPU =0.000220

ITER: 218
    HPWL=19117.277344
    OVFL=0.676841
    HPWL=(9572.081055, 9545.195312)
    POTN=1.078415E+06
    PHIC=6.124469E-06
    GRAD=1.199415E-03
    NuBT=1
    CPU =0.000165

ITER: 219
    HPWL=19148.257812
    OVFL=0.674540
    HPWL=(9580.735352, 9567.522461)
    POTN=1.061074E+06
    PHIC=6.430665E-06
    GRAD=1.221610E-03
    NuBT=1
    CPU =0.000179

ITER: 220
    HPWL=19147.078125
    OVFL=0.671635
    HPWL=(9585.665039, 9561.412109)
    POTN=1.046893E+06
    PHIC=6.752197E-06
    GRAD=1.273946E-03
    NuBT=1
    CPU =0.000160

ITER: 221
    HPWL=19174.552734
    OVFL=0.668783
    HPWL=(9591.900391, 9582.652344)
    POTN=1.029427E+06
    PHIC=7.089780E-06
    GRAD=1.260718E-03
    NuBT=1
    CPU =0.000160

ITER: 222
    HPWL=19177.082031
    OVFL=0.665281
    HPWL=(9599.452148, 9577.629883)
    POTN=1.014527E+06
    PHIC=7.444266E-06
    GRAD=1.112569E-03
    NuBT=2
    CPU =0.000322

ITER: 223
    HPWL=19201.250000
    OVFL=0.662649
    HPWL=(9610.114258, 9591.136719)
    POTN=9.970278E+05
    PHIC=7.816452E-06
    GRAD=1.125203E-03
    NuBT=1
    CPU =0.000171

ITER: 224
    HPWL=19210.863281
    OVFL=0.659649
    HPWL=(9618.573242, 9592.290039)
    POTN=9.825148E+05
    PHIC=8.207263E-06
    GRAD=1.146281E-03
    NuBT=2
    CPU =0.000313

ITER: 225
    HPWL=19232.812500
    OVFL=0.657445
    HPWL=(9624.657227, 9608.156250)
    POTN=9.658010E+05
    PHIC=8.617600E-06
    GRAD=1.323839E-03
    NuBT=1
    CPU =0.000239

ITER: 226
    HPWL=19251.886719
    OVFL=0.654636
    HPWL=(9640.034180, 9611.853516)
    POTN=9.517997E+05
    PHIC=9.048455E-06
    GRAD=1.231431E-03
    NuBT=2
    CPU =0.000354

ITER: 227
    HPWL=19274.308594
    OVFL=0.652102
    HPWL=(9649.125000, 9625.184570)
    POTN=9.347444E+05
    PHIC=9.500846E-06
    GRAD=1.276852E-03
    NuBT=1
    CPU =0.000168

ITER: 228
    HPWL=19293.156250
    OVFL=0.649571
    HPWL=(9660.418945, 9632.737305)
    POTN=9.205910E+05
    PHIC=9.975862E-06
    GRAD=1.301090E-03
    NuBT=2
    CPU =0.000329

ITER: 229
    HPWL=19315.255859
    OVFL=0.647508
    HPWL=(9671.889648, 9643.366211)
    POTN=9.037542E+05
    PHIC=1.047462E-05
    GRAD=1.481697E-03
    NuBT=1
    CPU =0.000163

ITER: 230
    HPWL=19337.664062
    OVFL=0.644663
    HPWL=(9683.442383, 9654.221680)
    POTN=8.895787E+05
    PHIC=1.099832E-05
    GRAD=1.419098E-03
    NuBT=2
    CPU =0.000350

ITER: 231
    HPWL=19352.498047
    OVFL=0.642499
    HPWL=(9693.095703, 9659.402344)
    POTN=8.729868E+05
    PHIC=1.154821E-05
    GRAD=1.477060E-03
    NuBT=1
    CPU =0.000160

ITER: 232
    HPWL=19371.611328
    OVFL=0.640130
    HPWL=(9704.326172, 9667.285156)
    POTN=8.590027E+05
    PHIC=1.212559E-05
    GRAD=1.424004E-03
    NuBT=2
    CPU =0.000350

ITER: 233
    HPWL=19390.250000
    OVFL=0.638158
    HPWL=(9713.016602, 9677.232422)
    POTN=8.427838E+05
    PHIC=1.273183E-05
    GRAD=1.523501E-03
    NuBT=1
    CPU =0.000172

ITER: 234
    HPWL=19407.041016
    OVFL=0.635657
    HPWL=(9721.230469, 9685.810547)
    POTN=8.289857E+05
    PHIC=1.336839E-05
    GRAD=1.506811E-03
    NuBT=2
    CPU =0.000341

ITER: 235
    HPWL=19424.806641
    OVFL=0.632820
    HPWL=(9728.255859, 9696.550781)
    POTN=8.124429E+05
    PHIC=1.403677E-05
    GRAD=1.626059E-03
    NuBT=1
    CPU =0.000250

ITER: 236
    HPWL=19440.072266
    OVFL=0.630458
    HPWL=(9739.173828, 9700.898438)
    POTN=7.986556E+05
    PHIC=1.473858E-05
    GRAD=1.599438E-03
    NuBT=2
    CPU =0.000323

ITER: 237
    HPWL=19456.636719
    OVFL=0.627236
    HPWL=(9749.713867, 9706.922852)
    POTN=7.816121E+05
    PHIC=1.547547E-05
    GRAD=1.737255E-03
    NuBT=1
    CPU =0.000184

ITER: 238
    HPWL=19482.476562
    OVFL=0.624749
    HPWL=(9760.632812, 9721.844727)
    POTN=7.678282E+05
    PHIC=1.624919E-05
    GRAD=1.635195E-03
    NuBT=2
    CPU =0.000363

ITER: 239
    HPWL=19486.089844
    OVFL=0.621507
    HPWL=(9766.108398, 9719.981445)
    POTN=7.516803E+05
    PHIC=1.706164E-05
    GRAD=1.755661E-03
    NuBT=1
    CPU =0.000196

ITER: 240
    HPWL=19512.867188
    OVFL=0.619723
    HPWL=(9780.588867, 9732.278320)
    POTN=7.379067E+05
    PHIC=1.791465E-05
    GRAD=1.636895E-03
    NuBT=2
    CPU =0.000311

ITER: 241
    HPWL=19520.304688
    OVFL=0.617337
    HPWL=(9783.638672, 9736.666016)
    POTN=7.219312E+05
    PHIC=1.881036E-05
    GRAD=1.692626E-03
    NuBT=1
    CPU =0.000191

ITER: 242
    HPWL=19550.601562
    OVFL=0.615924
    HPWL=(9794.095703, 9756.504883)
    POTN=7.083896E+05
    PHIC=1.975080E-05
    GRAD=1.717420E-03
    NuBT=2
    CPU =0.000379

ITER: 243
    HPWL=19560.732422
    OVFL=0.612858
    HPWL=(9802.194336, 9758.538086)
    POTN=6.923404E+05
    PHIC=2.073830E-05
    GRAD=1.939668E-03
    NuBT=1
    CPU =0.000169

ITER: 244
    HPWL=19615.541016
    OVFL=0.610621
    HPWL=(9817.741211, 9797.799805)
    POTN=6.785569E+05
    PHIC=2.177505E-05
    GRAD=1.933145E-03
    NuBT=2
    CPU =0.000337

ITER: 245
    HPWL=19612.197266
    OVFL=0.607467
    HPWL=(9826.678711, 9785.518555)
    POTN=6.624198E+05
    PHIC=2.286380E-05
    GRAD=2.014126E-03
    NuBT=1
    CPU =0.000227

ITER: 246
    HPWL=19674.945312
    OVFL=0.604928
    HPWL=(9845.743164, 9829.202148)
    POTN=6.479812E+05
    PHIC=2.400678E-05
    GRAD=2.003747E-03
    NuBT=2
    CPU =0.000337

ITER: 247
    HPWL=19675.925781
    OVFL=0.600497
    HPWL=(9858.494141, 9817.431641)
    POTN=6.309051E+05
    PHIC=2.520711E-05
    GRAD=2.193438E-03
    NuBT=1
    CPU =0.000173

ITER: 248
    HPWL=19753.902344
    OVFL=0.596811
    HPWL=(9881.403320, 9872.498047)
    POTN=6.148884E+05
    PHIC=2.646717E-05
    GRAD=2.150844E-03
    NuBT=2
    CPU =0.000321

ITER: 249
    HPWL=19768.394531
    OVFL=0.592113
    HPWL=(9902.594727, 9865.800781)
    POTN=5.962418E+05
    PHIC=2.779047E-05
    GRAD=2.390881E-03
    NuBT=1
    CPU =0.000250

ITER: 250
    HPWL=19836.117188
    OVFL=0.587539
    HPWL=(9925.346680, 9910.771484)
    POTN=5.788811E+05
    PHIC=2.917972E-05
    GRAD=2.278928E-03
    NuBT=2
    CPU =0.000554

ITER: 251
    HPWL=19857.617188
    OVFL=0.583154
    HPWL=(9951.455078, 9906.162109)
    POTN=5.606079E+05
    PHIC=3.063861E-05
    GRAD=2.637286E-03
    NuBT=1
    CPU =0.000345

ITER: 252
    HPWL=19909.242188
    OVFL=0.578903
    HPWL=(9965.931641, 9943.310547)
    POTN=5.445588E+05
    PHIC=3.217030E-05
    GRAD=2.464060E-03
    NuBT=2
    CPU =0.000359

ITER: 253
    HPWL=19921.089844
    OVFL=0.573911
    HPWL=(9996.044922, 9925.044922)
    POTN=5.283620E+05
    PHIC=3.377876E-05
    GRAD=2.776260E-03
    NuBT=1
    CPU =0.000314

ITER: 254
    HPWL=19966.554688
    OVFL=0.570379
    HPWL=(10007.950195, 9958.605469)
    POTN=5.151708E+05
    PHIC=3.546747E-05
    GRAD=2.500339E-03
    NuBT=2
    CPU =0.000368

ITER: 255
    HPWL=19971.470703
    OVFL=0.567118
    HPWL=(10033.451172, 9938.019531)
    POTN=5.028097E+05
    PHIC=3.724082E-05
    GRAD=2.583014E-03
    NuBT=1
    CPU =0.000156

ITER: 256
    HPWL=20000.869141
    OVFL=0.564562
    HPWL=(10035.577148, 9965.291992)
    POTN=4.927908E+05
    PHIC=3.910269E-05
    GRAD=2.416265E-03
    NuBT=2
    CPU =0.000295

ITER: 257
    HPWL=20008.703125
    OVFL=0.562026
    HPWL=(10056.170898, 9952.533203)
    POTN=4.828974E+05
    PHIC=4.105778E-05
    GRAD=2.495981E-03
    NuBT=1
    CPU =0.000178

ITER: 258
    HPWL=20038.865234
    OVFL=0.560159
    HPWL=(10053.352539, 9985.512695)
    POTN=4.753295E+05
    PHIC=4.311048E-05
    GRAD=2.342194E-03
    NuBT=2
    CPU =0.000317

ITER: 259
    HPWL=20044.378906
    OVFL=0.558073
    HPWL=(10068.676758, 9975.703125)
    POTN=4.668042E+05
    PHIC=4.526597E-05
    GRAD=2.400981E-03
    NuBT=1
    CPU =0.000162

ITER: 260
    HPWL=20060.947266
    OVFL=0.556131
    HPWL=(10062.815430, 9998.131836)
    POTN=4.598886E+05
    PHIC=4.752915E-05
    GRAD=2.496571E-03
    NuBT=1
    CPU =0.000180

ITER: 261
    HPWL=20074.488281
    OVFL=0.554521
    HPWL=(10086.521484, 9987.966797)
    POTN=4.524655E+05
    PHIC=4.990551E-05
    GRAD=2.505890E-03
    NuBT=1
    CPU =0.000162

ITER: 262
    HPWL=20082.671875
    OVFL=0.553272
    HPWL=(10065.264648, 10017.407227)
    POTN=4.456188E+05
    PHIC=5.240072E-05
    GRAD=2.212412E-03
    NuBT=1
    CPU =0.000162

ITER: 263
    HPWL=20109.468750
    OVFL=0.551871
    HPWL=(10094.095703, 10015.373047)
    POTN=4.376349E+05
    PHIC=5.502055E-05
    GRAD=2.186294E-03
    NuBT=1
    CPU =0.000170

ITER: 264
    HPWL=20132.679688
    OVFL=0.549976
    HPWL=(10087.230469, 10045.448242)
    POTN=4.295781E+05
    PHIC=5.777139E-05
    GRAD=2.418267E-03
    NuBT=1
    CPU =0.000196

ITER: 265
    HPWL=20171.343750
    OVFL=0.547100
    HPWL=(10117.609375, 10053.733398)
    POTN=4.194399E+05
    PHIC=6.065962E-05
    GRAD=2.642361E-03
    NuBT=1
    CPU =0.000176

ITER: 266
    HPWL=20191.703125
    OVFL=0.543932
    HPWL=(10094.257812, 10097.444336)
    POTN=4.102410E+05
    PHIC=6.369242E-05
    GRAD=2.683381E-03
    NuBT=2
    CPU =0.000315

ITER: 267
    HPWL=20254.558594
    OVFL=0.539073
    HPWL=(10140.582031, 10113.976562)
    POTN=3.978466E+05
    PHIC=6.687645E-05
    GRAD=2.854196E-03
    NuBT=1
    CPU =0.000169

ITER: 268
    HPWL=20299.281250
    OVFL=0.533930
    HPWL=(10120.167969, 10179.113281)
    POTN=3.862697E+05
    PHIC=7.021982E-05
    GRAD=3.225201E-03
    NuBT=2
    CPU =0.000355

ITER: 269
    HPWL=20378.500000
    OVFL=0.526145
    HPWL=(10172.420898, 10206.079102)
    POTN=3.715767E+05
    PHIC=7.372999E-05
    GRAD=3.841991E-03
    NuBT=1
    CPU =0.000215

ITER: 270
    HPWL=20399.623047
    OVFL=0.519620
    HPWL=(10156.969727, 10242.653320)
    POTN=3.587134E+05
    PHIC=7.741626E-05
    GRAD=3.719684E-03
    NuBT=2
    CPU =0.000328

ITER: 271
    HPWL=20470.376953
    OVFL=0.511188
    HPWL=(10209.342773, 10261.034180)
    POTN=3.440250E+05
    PHIC=8.128626E-05
    GRAD=4.181887E-03
    NuBT=1
    CPU =0.000243

ITER: 272
    HPWL=20487.792969
    OVFL=0.503906
    HPWL=(10191.698242, 10296.095703)
    POTN=3.312055E+05
    PHIC=8.535035E-05
    GRAD=4.106116E-03
    NuBT=2
    CPU =0.000369

ITER: 273
    HPWL=20545.496094
    OVFL=0.497703
    HPWL=(10230.604492, 10314.892578)
    POTN=3.178971E+05
    PHIC=8.961713E-05
    GRAD=4.253938E-03
    NuBT=2
    CPU =0.000313

ITER: 274
    HPWL=20544.283203
    OVFL=0.493350
    HPWL=(10225.731445, 10318.551758)
    POTN=3.071023E+05
    PHIC=9.409799E-05
    GRAD=4.005608E-03
    NuBT=2
    CPU =0.000534

ITER: 275
    HPWL=20592.589844
    OVFL=0.490232
    HPWL=(10260.044922, 10332.544922)
    POTN=2.970175E+05
    PHIC=9.880221E-05
    GRAD=4.544272E-03
    NuBT=1
    CPU =0.000247

ITER: 276
    HPWL=20606.265625
    OVFL=0.487387
    HPWL=(10252.760742, 10353.504883)
    POTN=2.883258E+05
    PHIC=1.037421E-04
    GRAD=4.237715E-03
    NuBT=2
    CPU =0.000371

ITER: 277
    HPWL=20641.919922
    OVFL=0.484393
    HPWL=(10284.399414, 10357.520508)
    POTN=2.802572E+05
    PHIC=1.089287E-04
    GRAD=4.461319E-03
    NuBT=1
    CPU =0.000179

ITER: 278
    HPWL=20643.476562
    OVFL=0.480791
    HPWL=(10274.356445, 10369.119141)
    POTN=2.727312E+05
    PHIC=1.143751E-04
    GRAD=4.346604E-03
    NuBT=2
    CPU =0.000407

ITER: 279
    HPWL=20656.828125
    OVFL=0.476768
    HPWL=(10306.177734, 10350.650391)
    POTN=2.653345E+05
    PHIC=1.200936E-04
    GRAD=4.262547E-03
    NuBT=2
    CPU =0.000351

ITER: 280
    HPWL=20658.800781
    OVFL=0.472967
    HPWL=(10291.068359, 10367.732422)
    POTN=2.586511E+05
    PHIC=1.260982E-04
    GRAD=4.706543E-03
    NuBT=1
    CPU =0.000170

ITER: 281
    HPWL=20677.121094
    OVFL=0.469166
    HPWL=(10324.429688, 10352.692383)
    POTN=2.517982E+05
    PHIC=1.324028E-04
    GRAD=4.367391E-03
    NuBT=2
    CPU =0.000326

ITER: 282
    HPWL=20697.332031
    OVFL=0.464597
    HPWL=(10315.682617, 10381.650391)
    POTN=2.448961E+05
    PHIC=1.390225E-04
    GRAD=4.515090E-03
    NuBT=1
    CPU =0.000177

ITER: 283
    HPWL=20715.023438
    OVFL=0.460471
    HPWL=(10342.306641, 10372.715820)
    POTN=2.376494E+05
    PHIC=1.459733E-04
    GRAD=4.519754E-03
    NuBT=2
    CPU =0.000398

ITER: 284
    HPWL=20745.074219
    OVFL=0.455017
    HPWL=(10340.952148, 10404.122070)
    POTN=2.303197E+05
    PHIC=1.532713E-04
    GRAD=4.925107E-03
    NuBT=1
    CPU =0.000198

ITER: 285
    HPWL=20778.339844
    OVFL=0.449802
    HPWL=(10374.866211, 10403.472656)
    POTN=2.229755E+05
    PHIC=1.609341E-04
    GRAD=4.564921E-03
    NuBT=2
    CPU =0.000353

ITER: 286
    HPWL=20782.824219
    OVFL=0.443751
    HPWL=(10347.809570, 10435.014648)
    POTN=2.165618E+05
    PHIC=1.689807E-04
    GRAD=4.946114E-03
    NuBT=1
    CPU =0.000172

ITER: 287
    HPWL=20810.800781
    OVFL=0.438244
    HPWL=(10377.885742, 10432.916016)
    POTN=2.102294E+05
    PHIC=1.774290E-04
    GRAD=4.830616E-03
    NuBT=2
    CPU =0.000297

ITER: 288
    HPWL=20816.710938
    OVFL=0.433021
    HPWL=(10358.222656, 10458.487305)
    POTN=2.047408E+05
    PHIC=1.863003E-04
    GRAD=5.234172E-03
    NuBT=1
    CPU =0.000224

ITER: 289
    HPWL=20856.416016
    OVFL=0.428478
    HPWL=(10382.587891, 10473.828125)
    POTN=1.992749E+05
    PHIC=1.956142E-04
    GRAD=5.269132E-03
    NuBT=2
    CPU =0.000352

ITER: 290
    HPWL=20873.769531
    OVFL=0.424294
    HPWL=(10368.710938, 10505.059570)
    POTN=1.944357E+05
    PHIC=2.053944E-04
    GRAD=5.965054E-03
    NuBT=1
    CPU =0.000152

ITER: 291
    HPWL=20902.597656
    OVFL=0.419538
    HPWL=(10385.376953, 10517.220703)
    POTN=1.890360E+05
    PHIC=2.156633E-04
    GRAD=5.926345E-03
    NuBT=2
    CPU =0.000287

ITER: 292
    HPWL=20906.048828
    OVFL=0.416611
    HPWL=(10367.020508, 10539.028320)
    POTN=1.844037E+05
    PHIC=2.264463E-04
    GRAD=6.628098E-03
    NuBT=1
    CPU =0.000169

ITER: 293
    HPWL=20945.064453
    OVFL=0.413503
    HPWL=(10378.262695, 10566.801758)
    POTN=1.791718E+05
    PHIC=2.377673E-04
    GRAD=5.931051E-03
    NuBT=2
    CPU =0.000347

ITER: 294
    HPWL=20956.355469
    OVFL=0.410237
    HPWL=(10383.900391, 10572.454102)
    POTN=1.740846E+05
    PHIC=2.496553E-04
    GRAD=6.134234E-03
    NuBT=1
    CPU =0.000185

ITER: 295
    HPWL=21045.941406
    OVFL=0.405706
    HPWL=(10407.514648, 10638.427734)
    POTN=1.682662E+05
    PHIC=2.621348E-04
    GRAD=6.834961E-03
    NuBT=1
    CPU =0.000153

ITER: 296
    HPWL=21046.890625
    OVFL=0.402061
    HPWL=(10414.203125, 10632.687500)
    POTN=1.627455E+05
    PHIC=2.752415E-04
    GRAD=7.027566E-03
    NuBT=1
    CPU =0.000168

ITER: 297
    HPWL=21119.492188
    OVFL=0.397290
    HPWL=(10427.521484, 10691.971680)
    POTN=1.563746E+05
    PHIC=2.890006E-04
    GRAD=6.625686E-03
    NuBT=1
    CPU =0.000168

ITER: 298
    HPWL=21121.425781
    OVFL=0.393471
    HPWL=(10433.236328, 10688.189453)
    POTN=1.503075E+05
    PHIC=3.034505E-04
    GRAD=6.702457E-03
    NuBT=1
    CPU =0.000194

ITER: 299
    HPWL=21188.441406
    OVFL=0.390749
    HPWL=(10467.035156, 10721.406250)
    POTN=1.442952E+05
    PHIC=3.186200E-04
    GRAD=7.347406E-03
    NuBT=1
    CPU =0.000170

ITER: 300
    HPWL=21212.675781
    OVFL=0.387801
    HPWL=(10475.250977, 10737.425781)
    POTN=1.383961E+05
    PHIC=3.345498E-04
    GRAD=7.892217E-03
    NuBT=1
    CPU =0.000154

ITER: 301
    HPWL=21274.207031
    OVFL=0.383614
    HPWL=(10525.544922, 10748.663086)
    POTN=1.319682E+05
    PHIC=3.512743E-04
    GRAD=8.406949E-03
    NuBT=1
    CPU =0.000177

ITER: 302
    HPWL=21305.689453
    OVFL=0.379577
    HPWL=(10513.973633, 10791.715820)
    POTN=1.260968E+05
    PHIC=3.688364E-04
    GRAD=8.537517E-03
    NuBT=1
    CPU =0.000174

ITER: 303
    HPWL=21335.117188
    OVFL=0.373991
    HPWL=(10554.108398, 10781.009766)
    POTN=1.198780E+05
    PHIC=3.872766E-04
    GRAD=8.764777E-03
    NuBT=1
    CPU =0.000176

ITER: 304
    HPWL=21326.541016
    OVFL=0.371158
    HPWL=(10536.841797, 10789.699219)
    POTN=1.147918E+05
    PHIC=4.066403E-04
    GRAD=8.163047E-03
    NuBT=2
    CPU =0.000378

ITER: 305
    HPWL=21357.785156
    OVFL=0.367706
    HPWL=(10567.951172, 10789.833984)
    POTN=1.094699E+05
    PHIC=4.269705E-04
    GRAD=8.919140E-03
    NuBT=1
    CPU =0.000190

ITER: 306
    HPWL=21342.015625
    OVFL=0.366566
    HPWL=(10557.646484, 10784.369141)
    POTN=1.052093E+05
    PHIC=4.483190E-04
    GRAD=8.746199E-03
    NuBT=2
    CPU =0.000344

ITER: 307
    HPWL=21369.986328
    OVFL=0.363229
    HPWL=(10581.253906, 10788.732422)
    POTN=1.001702E+05
    PHIC=4.707330E-04
    GRAD=9.678107E-03
    NuBT=1
    CPU =0.000221

ITER: 308
    HPWL=21358.414062
    OVFL=0.361581
    HPWL=(10591.950195, 10766.464844)
    POTN=9.642487E+04
    PHIC=4.942697E-04
    GRAD=8.866400E-03
    NuBT=2
    CPU =0.000376

ITER: 309
    HPWL=21377.976562
    OVFL=0.357749
    HPWL=(10588.565430, 10789.410156)
    POTN=9.145724E+04
    PHIC=5.189817E-04
    GRAD=9.005514E-03
    NuBT=1
    CPU =0.000267

ITER: 310
    HPWL=21375.738281
    OVFL=0.353947
    HPWL=(10593.425781, 10782.312500)
    POTN=8.736648E+04
    PHIC=5.449308E-04
    GRAD=9.067107E-03
    NuBT=2
    CPU =0.000433

ITER: 311
    HPWL=21428.132812
    OVFL=0.348433
    HPWL=(10601.570312, 10826.563477)
    POTN=8.236609E+04
    PHIC=5.721730E-04
    GRAD=9.854260E-03
    NuBT=1
    CPU =0.000197

ITER: 312
    HPWL=21439.531250
    OVFL=0.342552
    HPWL=(10615.262695, 10824.267578)
    POTN=7.798905E+04
    PHIC=6.007807E-04
    GRAD=9.789067E-03
    NuBT=2
    CPU =0.000399

ITER: 313
    HPWL=21477.779297
    OVFL=0.336636
    HPWL=(10625.595703, 10852.183594)
    POTN=7.412648E+04
    PHIC=6.308163E-04
    GRAD=1.062090E-02
    NuBT=1
    CPU =0.000231

ITER: 314
    HPWL=21477.710938
    OVFL=0.330366
    HPWL=(10628.577148, 10849.133789)
    POTN=7.088234E+04
    PHIC=6.623571E-04
    GRAD=1.026328E-02
    NuBT=2
    CPU =0.000407

ITER: 315
    HPWL=21492.126953
    OVFL=0.326376
    HPWL=(10637.653320, 10854.473633)
    POTN=6.809143E+04
    PHIC=6.954735E-04
    GRAD=1.100421E-02
    NuBT=1
    CPU =0.000240

ITER: 316
    HPWL=21476.917969
    OVFL=0.323402
    HPWL=(10635.566406, 10841.351562)
    POTN=6.616342E+04
    PHIC=7.302471E-04
    GRAD=1.183690E-02
    NuBT=1
    CPU =0.000201

ITER: 317
    HPWL=21499.238281
    OVFL=0.320563
    HPWL=(10634.237305, 10865.001953)
    POTN=6.377284E+04
    PHIC=7.667570E-04
    GRAD=1.244666E-02
    NuBT=1
    CPU =0.000233

ITER: 318
    HPWL=21468.677734
    OVFL=0.318290
    HPWL=(10619.312500, 10849.365234)
    POTN=6.208668E+04
    PHIC=8.050948E-04
    GRAD=1.251627E-02
    NuBT=1
    CPU =0.000225

ITER: 319
    HPWL=21474.738281
    OVFL=0.314707
    HPWL=(10606.537109, 10868.202148)
    POTN=5.942423E+04
    PHIC=8.453488E-04
    GRAD=1.246603E-02
    NuBT=1
    CPU =0.000165

ITER: 320
    HPWL=21496.230469
    OVFL=0.311078
    HPWL=(10617.146484, 10879.083984)
    POTN=5.676178E+04
    PHIC=8.876135E-04
    GRAD=1.289834E-02
    NuBT=1
    CPU =0.000218

ITER: 321
    HPWL=21533.343750
    OVFL=0.306564
    HPWL=(10627.205078, 10906.137695)
    POTN=5.336356E+04
    PHIC=9.319892E-04
    GRAD=1.412981E-02
    NuBT=1
    CPU =0.000311

ITER: 322
    HPWL=21542.210938
    OVFL=0.304038
    HPWL=(10629.790039, 10912.421875)
    POTN=5.041999E+04
    PHIC=9.785874E-04
    GRAD=1.538412E-02
    NuBT=1
    CPU =0.000185

ITER: 323
    HPWL=21584.722656
    OVFL=0.300662
    HPWL=(10648.566406, 10936.155273)
    POTN=4.712046E+04
    PHIC=1.027511E-03
    GRAD=1.621846E-02
    NuBT=1
    CPU =0.000167

ITER: 324
    HPWL=21583.585938
    OVFL=0.297311
    HPWL=(10660.000977, 10923.585938)
    POTN=4.420546E+04
    PHIC=1.078886E-03
    GRAD=1.640308E-02
    NuBT=1
    CPU =0.000175

ITER: 325
    HPWL=21616.966797
    OVFL=0.294389
    HPWL=(10667.296875, 10949.669922)
    POTN=4.127252E+04
    PHIC=1.132825E-03
    GRAD=1.657297E-02
    NuBT=1
    CPU =0.000179

ITER: 326
    HPWL=21624.632812
    OVFL=0.291940
    HPWL=(10684.699219, 10939.934570)
    POTN=3.853738E+04
    PHIC=1.189465E-03
    GRAD=1.665280E-02
    NuBT=1
    CPU =0.000355

ITER: 327
    HPWL=21637.423828
    OVFL=0.288417
    HPWL=(10695.581055, 10941.842773)
    POTN=3.594066E+04
    PHIC=1.248936E-03
    GRAD=1.660339E-02
    NuBT=1
    CPU =0.000213

ITER: 328
    HPWL=21637.023438
    OVFL=0.285459
    HPWL=(10709.572266, 10927.450195)
    POTN=3.400316E+04
    PHIC=1.311383E-03
    GRAD=1.640521E-02
    NuBT=1
    CPU =0.000283

ITER: 329
    HPWL=21646.718750
    OVFL=0.281009
    HPWL=(10722.862305, 10923.855469)
    POTN=3.202523E+04
    PHIC=1.376950E-03
    GRAD=1.547578E-02
    NuBT=1
    CPU =0.000319

ITER: 330
    HPWL=21646.246094
    OVFL=0.278154
    HPWL=(10717.454102, 10928.791016)
    POTN=3.066349E+04
    PHIC=1.445797E-03
    GRAD=1.567074E-02
    NuBT=1
    CPU =0.000320

ITER: 331
    HPWL=21647.476562
    OVFL=0.275050
    HPWL=(10738.209961, 10909.266602)
    POTN=2.945619E+04
    PHIC=1.518087E-03
    GRAD=1.595092E-02
    NuBT=1
    CPU =0.000178

ITER: 332
    HPWL=21639.193359
    OVFL=0.271925
    HPWL=(10730.943359, 10908.250000)
    POTN=2.838540E+04
    PHIC=1.593991E-03
    GRAD=1.585484E-02
    NuBT=1
    CPU =0.000323

ITER: 333
    HPWL=21645.703125
    OVFL=0.268741
    HPWL=(10742.934570, 10902.768555)
    POTN=2.719224E+04
    PHIC=1.673689E-03
    GRAD=1.515044E-02
    NuBT=1
    CPU =0.000353

ITER: 334
    HPWL=21630.921875
    OVFL=0.265052
    HPWL=(10728.118164, 10902.802734)
    POTN=2.591892E+04
    PHIC=1.757373E-03
    GRAD=1.494650E-02
    NuBT=1
    CPU =0.000182

ITER: 335
    HPWL=21642.320312
    OVFL=0.262802
    HPWL=(10731.656250, 10910.663086)
    POTN=2.497894E+04
    PHIC=1.845239E-03
    GRAD=1.516003E-02
    NuBT=2
    CPU =0.000483

ITER: 336
    HPWL=21637.066406
    OVFL=0.258394
    HPWL=(10713.684570, 10923.382812)
    POTN=2.385166E+04
    PHIC=1.937501E-03
    GRAD=1.511963E-02
    NuBT=1
    CPU =0.000175

ITER: 337
    HPWL=21674.281250
    OVFL=0.255019
    HPWL=(10735.929688, 10938.352539)
    POTN=2.287311E+04
    PHIC=2.034365E-03
    GRAD=1.586496E-02
    NuBT=1
    CPU =0.000258

ITER: 338
    HPWL=21668.781250
    OVFL=0.250254
    HPWL=(10728.512695, 10940.268555)
    POTN=2.154282E+04
    PHIC=2.136083E-03
    GRAD=1.649766E-02
    NuBT=1
    CPU =0.000209

ITER: 339
    HPWL=21682.375000
    OVFL=0.247092
    HPWL=(10742.020508, 10940.353516)
    POTN=2.043500E+04
    PHIC=2.242883E-03
    GRAD=1.731606E-02
    NuBT=1
    CPU =0.000232

ITER: 340
    HPWL=21684.203125
    OVFL=0.242716
    HPWL=(10740.368164, 10943.833984)
    POTN=1.913822E+04
    PHIC=2.355026E-03
    GRAD=1.735669E-02
    NuBT=1
    CPU =0.000210

ITER: 341
    HPWL=21689.527344
    OVFL=0.240417
    HPWL=(10739.771484, 10949.756836)
    POTN=1.798472E+04
    PHIC=2.472776E-03
    GRAD=1.707895E-02
    NuBT=1
    CPU =0.000216

ITER: 342
    HPWL=21671.992188
    OVFL=0.237545
    HPWL=(10736.158203, 10935.834961)
    POTN=1.697395E+04
    PHIC=2.596414E-03
    GRAD=1.684231E-02
    NuBT=1
    CPU =0.000166

ITER: 343
    HPWL=21693.039062
    OVFL=0.235992
    HPWL=(10741.649414, 10951.389648)
    POTN=1.608321E+04
    PHIC=2.726227E-03
    GRAD=1.699251E-02
    NuBT=1
    CPU =0.000202

ITER: 344
    HPWL=21697.503906
    OVFL=0.232894
    HPWL=(10757.185547, 10940.319336)
    POTN=1.529481E+04
    PHIC=2.862536E-03
    GRAD=1.779400E-02
    NuBT=1
    CPU =0.000206

ITER: 345
    HPWL=21709.042969
    OVFL=0.232492
    HPWL=(10760.179688, 10948.863281)
    POTN=1.471938E+04
    PHIC=3.005658E-03
    GRAD=1.716512E-02
    NuBT=1
    CPU =0.000200

ITER: 346
    HPWL=21712.222656
    OVFL=0.230370
    HPWL=(10765.961914, 10946.261719)
    POTN=1.414230E+04
    PHIC=3.155939E-03
    GRAD=1.785748E-02
    NuBT=1
    CPU =0.000237

ITER: 347
    HPWL=21736.044922
    OVFL=0.229735
    HPWL=(10779.172852, 10956.872070)
    POTN=1.356453E+04
    PHIC=3.313725E-03
    GRAD=1.757215E-02
    NuBT=1
    CPU =0.000227

ITER: 348
    HPWL=21759.300781
    OVFL=0.227661
    HPWL=(10790.443359, 10968.857422)
    POTN=1.293250E+04
    PHIC=3.479399E-03
    GRAD=1.740583E-02
    NuBT=1
    CPU =0.000171

ITER: 349
    HPWL=21799.710938
    OVFL=0.225499
    HPWL=(10818.713867, 10980.996094)
    POTN=1.233939E+04
    PHIC=3.653349E-03
    GRAD=1.757964E-02
    NuBT=2
    CPU =0.000410

ITER: 350
    HPWL=21798.328125
    OVFL=0.224193
    HPWL=(10822.987305, 10975.341797)
    POTN=1.183103E+04
    PHIC=3.836016E-03
    GRAD=1.728923E-02
    NuBT=1
    CPU =0.000205

ITER: 351
    HPWL=21852.035156
    OVFL=0.223451
    HPWL=(10854.470703, 10997.563477)
    POTN=1.139724E+04
    PHIC=4.027786E-03
    GRAD=1.797601E-02
    NuBT=1
    CPU =0.000198

ITER: 352
    HPWL=21850.359375
    OVFL=0.220755
    HPWL=(10854.961914, 10995.397461)
    POTN=1.076313E+04
    PHIC=4.229175E-03
    GRAD=1.836576E-02
    NuBT=1
    CPU =0.000286

ITER: 353
    HPWL=21912.109375
    OVFL=0.218599
    HPWL=(10887.129883, 11024.979492)
    POTN=1.017266E+04
    PHIC=4.440594E-03
    GRAD=1.845665E-02
    NuBT=1
    CPU =0.000183

ITER: 354
    HPWL=21900.617188
    OVFL=0.216055
    HPWL=(10898.859375, 11001.756836)
    POTN=9.626833E+03
    PHIC=4.662624E-03
    GRAD=1.852258E-02
    NuBT=1
    CPU =0.000182

ITER: 355
    HPWL=21953.130859
    OVFL=0.212821
    HPWL=(10919.707031, 11033.423828)
    POTN=8.973223E+03
    PHIC=4.895719E-03
    GRAD=1.829877E-02
    NuBT=1
    CPU =0.000308

ITER: 356
    HPWL=21968.574219
    OVFL=0.209597
    HPWL=(10932.021484, 11036.553711)
    POTN=8.342723E+03
    PHIC=5.140493E-03
    GRAD=1.967897E-02
    NuBT=1
    CPU =0.000203

ITER: 357
    HPWL=22005.300781
    OVFL=0.207154
    HPWL=(10928.062500, 11077.238281)
    POTN=7.899764E+03
    PHIC=5.397489E-03
    GRAD=1.976590E-02
    NuBT=2
    CPU =0.000306

ITER: 358
    HPWL=21959.732422
    OVFL=0.206871
    HPWL=(10922.089844, 11037.642578)
    POTN=7.601313E+03
    PHIC=5.667363E-03
    GRAD=1.975392E-02
    NuBT=1
    CPU =0.000188

ITER: 359
    HPWL=21994.000000
    OVFL=0.204833
    HPWL=(10920.130859, 11073.868164)
    POTN=7.345841E+03
    PHIC=5.950702E-03
    GRAD=2.013669E-02
    NuBT=1
    CPU =0.000239

ITER: 360
    HPWL=22007.056641
    OVFL=0.201813
    HPWL=(10932.103516, 11074.953125)
    POTN=6.903177E+03
    PHIC=6.248226E-03
    GRAD=1.973582E-02
    NuBT=1
    CPU =0.000192

ITER: 361
    HPWL=22067.882812
    OVFL=0.198226
    HPWL=(10946.041992, 11121.839844)
    POTN=6.510562E+03
    PHIC=6.560580E-03
    GRAD=1.916186E-02
    NuBT=1
    CPU =0.000270

ITER: 362
    HPWL=22079.597656
    OVFL=0.195046
    HPWL=(10958.280273, 11121.318359)
    POTN=6.176876E+03
    PHIC=6.888597E-03
    GRAD=1.900788E-02
    NuBT=1
    CPU =0.000259

ITER: 363
    HPWL=22126.371094
    OVFL=0.191759
    HPWL=(10965.091797, 11161.280273)
    POTN=5.864653E+03
    PHIC=7.232979E-03
    GRAD=1.920192E-02
    NuBT=1
    CPU =0.000219

ITER: 364
    HPWL=22123.875000
    OVFL=0.189429
    HPWL=(10968.318359, 11155.556641)
    POTN=5.638587E+03
    PHIC=7.594628E-03
    GRAD=1.933233E-02
    NuBT=1
    CPU =0.000167

ITER: 365
    HPWL=22134.513672
    OVFL=0.187119
    HPWL=(10968.508789, 11166.004883)
    POTN=5.397673E+03
    PHIC=7.974347E-03
    GRAD=1.984602E-02
    NuBT=1
    CPU =0.000248

ITER: 366
    HPWL=22145.281250
    OVFL=0.185023
    HPWL=(10990.118164, 11155.163086)
    POTN=5.227063E+03
    PHIC=8.373052E-03
    GRAD=1.953213E-02
    NuBT=1
    CPU =0.000270

ITER: 367
    HPWL=22172.890625
    OVFL=0.182218
    HPWL=(10994.061523, 11178.829102)
    POTN=5.080857E+03
    PHIC=8.791670E-03
    GRAD=1.911724E-02
    NuBT=1
    CPU =0.000196

ITER: 368
    HPWL=22179.746094
    OVFL=0.178495
    HPWL=(11010.577148, 11169.169922)
    POTN=4.888957E+03
    PHIC=9.231244E-03
    GRAD=1.951579E-02
    NuBT=1
    CPU =0.000219

ITER: 369
    HPWL=22200.164062
    OVFL=0.176736
    HPWL=(11004.365234, 11195.799805)
    POTN=4.704694E+03
    PHIC=9.692779E-03
    GRAD=1.979410E-02
    NuBT=1
    CPU =0.000293

ITER: 370
    HPWL=22205.425781
    OVFL=0.173202
    HPWL=(11018.500000, 11186.925781)
    POTN=4.539275E+03
    PHIC=1.017741E-02
    GRAD=2.040311E-02
    NuBT=1
    CPU =0.000186

ITER: 371
    HPWL=22213.707031
    OVFL=0.170690
    HPWL=(11022.190430, 11191.516602)
    POTN=4.368738E+03
    PHIC=1.068627E-02
    GRAD=1.898700E-02
    NuBT=1
    CPU =0.000166

ITER: 372
    HPWL=22212.632812
    OVFL=0.167480
    HPWL=(11032.441406, 11180.191406)
    POTN=4.133783E+03
    PHIC=1.122058E-02
    GRAD=1.964408E-02
    NuBT=1
    CPU =0.000197

ITER: 373
    HPWL=22205.976562
    OVFL=0.166170
    HPWL=(11007.958984, 11198.017578)
    POTN=3.991885E+03
    PHIC=1.178161E-02
    GRAD=1.916647E-02
    NuBT=1
    CPU =0.000209

ITER: 374
    HPWL=22234.328125
    OVFL=0.163529
    HPWL=(11030.577148, 11203.750000)
    POTN=3.747626E+03
    PHIC=1.237064E-02
    GRAD=1.954284E-02
    NuBT=1
    CPU =0.000264

ITER: 375
    HPWL=22253.285156
    OVFL=0.162664
    HPWL=(11045.210938, 11208.073242)
    POTN=3.594803E+03
    PHIC=1.298914E-02
    GRAD=1.963703E-02
    NuBT=1
    CPU =0.000196

ITER: 376
    HPWL=22235.855469
    OVFL=0.160811
    HPWL=(11050.203125, 11185.651367)
    POTN=3.470236E+03
    PHIC=1.363859E-02
    GRAD=1.902635E-02
    NuBT=1
    CPU =0.000172

ITER: 377
    HPWL=22266.154297
    OVFL=0.159201
    HPWL=(11048.344727, 11217.809570)
    POTN=3.366207E+03
    PHIC=1.432046E-02
    GRAD=1.903276E-02
    NuBT=1
    CPU =0.000216

ITER: 378
    HPWL=22287.886719
    OVFL=0.156459
    HPWL=(11071.393555, 11216.494141)
    POTN=3.193660E+03
    PHIC=1.503643E-02
    GRAD=1.892091E-02
    NuBT=1
    CPU =0.000178

ITER: 379
    HPWL=22308.392578
    OVFL=0.155192
    HPWL=(11075.686523, 11232.706055)
    POTN=3.095580E+03
    PHIC=1.578821E-02
    GRAD=1.820530E-02
    NuBT=1
    CPU =0.000164

ITER: 380
    HPWL=22332.949219
    OVFL=0.152901
    HPWL=(11084.573242, 11248.375977)
    POTN=2.930919E+03
    PHIC=1.657756E-02
    GRAD=1.821497E-02
    NuBT=1
    CPU =0.000170

ITER: 381
    HPWL=22402.365234
    OVFL=0.150705
    HPWL=(11101.499023, 11300.866211)
    POTN=2.821955E+03
    PHIC=1.740627E-02
    GRAD=1.852781E-02
    NuBT=1
    CPU =0.000192

ITER: 382
    HPWL=22403.179688
    OVFL=0.149702
    HPWL=(11099.536133, 11303.642578)
    POTN=2.720222E+03
    PHIC=1.827658E-02
    GRAD=1.853875E-02
    NuBT=1
    CPU =0.000244

ITER: 383
    HPWL=22446.503906
    OVFL=0.147582
    HPWL=(11102.499023, 11344.004883)
    POTN=2.623825E+03
    PHIC=1.919029E-02
    GRAD=1.807340E-02
    NuBT=1
    CPU =0.000207

ITER: 384
    HPWL=22481.425781
    OVFL=0.144211
    HPWL=(11118.254883, 11363.171875)
    POTN=2.459714E+03
    PHIC=2.014971E-02
    GRAD=1.883212E-02
    NuBT=1
    CPU =0.000193

ITER: 385
    HPWL=22524.359375
    OVFL=0.141865
    HPWL=(11121.777344, 11402.582031)
    POTN=2.372828E+03
    PHIC=2.115706E-02
    GRAD=1.795730E-02
    NuBT=1
    CPU =0.000281

ITER: 386
    HPWL=22525.855469
    OVFL=0.139226
    HPWL=(11125.767578, 11400.088867)
    POTN=2.211245E+03
    PHIC=2.221491E-02
    GRAD=1.771918E-02
    NuBT=1
    CPU =0.000241

ITER: 387
    HPWL=22575.781250
    OVFL=0.137415
    HPWL=(11152.045898, 11423.734375)
    POTN=2.134074E+03
    PHIC=2.332549E-02
    GRAD=1.823258E-02
    NuBT=1
    CPU =0.000181

ITER: 388
    HPWL=22559.574219
    OVFL=0.135345
    HPWL=(11160.413086, 11399.160156)
    POTN=2.041700E+03
    PHIC=2.449176E-02
    GRAD=1.932251E-02
    NuBT=1
    CPU =0.000156

ITER: 389
    HPWL=22595.851562
    OVFL=0.134245
    HPWL=(11147.342773, 11448.507812)
    POTN=1.964350E+03
    PHIC=2.571622E-02
    GRAD=1.808174E-02
    NuBT=1
    CPU =0.000156

ITER: 390
    HPWL=22566.775391
    OVFL=0.131312
    HPWL=(11153.694336, 11413.081055)
    POTN=1.850576E+03
    PHIC=2.700203E-02
    GRAD=1.736070E-02
    NuBT=1
    CPU =0.000170

ITER: 391
    HPWL=22605.582031
    OVFL=0.130470
    HPWL=(11172.944336, 11432.637695)
    POTN=1.801959E+03
    PHIC=2.835198E-02
    GRAD=1.712293E-02
    NuBT=1
    CPU =0.000170

ITER: 392
    HPWL=22602.105469
    OVFL=0.128373
    HPWL=(11188.257812, 11413.846680)
    POTN=1.738011E+03
    PHIC=2.976957E-02
    GRAD=1.722648E-02
    NuBT=1
    CPU =0.000293

ITER: 393
    HPWL=22680.558594
    OVFL=0.124549
    HPWL=(11211.427734, 11469.130859)
    POTN=1.625122E+03
    PHIC=3.125771E-02
    GRAD=1.698586E-02
    NuBT=1
    CPU =0.000263

ITER: 394
    HPWL=22659.873047
    OVFL=0.122177
    HPWL=(11217.797852, 11442.075195)
    POTN=1.540332E+03
    PHIC=3.282059E-02
    GRAD=1.622447E-02
    NuBT=1
    CPU =0.000159

ITER: 395
    HPWL=22666.361328
    OVFL=0.120410
    HPWL=(11213.204102, 11453.157227)
    POTN=1.471205E+03
    PHIC=3.446159E-02
    GRAD=1.516949E-02
    NuBT=1
    CPU =0.000170

ITER: 396
    HPWL=22673.628906
    OVFL=0.117134
    HPWL=(11228.788086, 11444.839844)
    POTN=1.418143E+03
    PHIC=3.618463E-02
    GRAD=1.480197E-02
    NuBT=1
    CPU =0.000235

ITER: 397
    HPWL=22736.603516
    OVFL=0.114134
    HPWL=(11249.266602, 11487.336914)
    POTN=1.319860E+03
    PHIC=3.799352E-02
    GRAD=1.454868E-02
    NuBT=1
    CPU =0.000205

ITER: 398
    HPWL=22741.214844
    OVFL=0.113149
    HPWL=(11252.977539, 11488.237305)
    POTN=1.273618E+03
    PHIC=3.989317E-02
    GRAD=1.452787E-02
    NuBT=1
    CPU =0.000156

ITER: 399
    HPWL=22755.332031
    OVFL=0.110470
    HPWL=(11250.850586, 11504.482422)
    POTN=1.200081E+03
    PHIC=4.188774E-02
    GRAD=1.429732E-02
    NuBT=1
    CPU =0.000155

ITER: 400
    HPWL=22781.804688
    OVFL=0.108735
    HPWL=(11274.103516, 11507.701172)
    POTN=1.145219E+03
    PHIC=4.398196E-02
    GRAD=1.397493E-02
    NuBT=1
    CPU =0.000163

ITER: 401
    HPWL=22799.714844
    OVFL=0.106545
    HPWL=(11280.842773, 11518.872070)
    POTN=1.105045E+03
    PHIC=4.618094E-02
    GRAD=1.359341E-02
    NuBT=1
    CPU =0.000201

ITER: 402
    HPWL=22843.574219
    OVFL=0.104170
    HPWL=(11319.712891, 11523.860352)
    POTN=1.044557E+03
    PHIC=4.848969E-02
    GRAD=1.387081E-02
    NuBT=1
    CPU =0.000281

ITER: 403
    HPWL=22853.943359
    OVFL=0.102326
    HPWL=(11317.029297, 11536.914062)
    POTN=1.002356E+03
    PHIC=5.091410E-02
    GRAD=1.348900E-02
    NuBT=1
    CPU =0.000192

ITER: 404
    HPWL=22885.636719
    OVFL=0.100481
    HPWL=(11339.338867, 11546.297852)
    POTN=9.477143E+02
    PHIC=5.345956E-02
    GRAD=1.315645E-02
    NuBT=1
    CPU =0.000157

ITER: 405
    HPWL=22915.562500
    OVFL=0.097625
    HPWL=(11359.402344, 11556.160156)
    POTN=8.906066E+02
    PHIC=5.613230E-02
    GRAD=1.281556E-02
    NuBT=1
    CPU =0.000242
[INFO] Nesterov: NumIters = 405
[INFO] Nesterov: ScaledHpwl = 22915.562500
[INFO] Nesterov: Overflow = 0.097625
[INFO] Nesterov: Potential = 890.606628
[INFO] Nesterov: xInstScaledHpwl = 22872.537109
[INFO] Nesterov: yInstScaledHpwl = 22915.562500
[INFO] Nesterov: HPWL = 6912.590820
