OpenROAD 0.9.0 d6e0844670
This program is licensed under the BSD-3 license. See the LICENSE file for details. 
Components of the program may be licensed under more restrictive licenses which must be honored.
Notice 0: Reading LEF file:  /openLANE_flow/designs/spm/runs/19-07_12-45/tmp/merged.lef
Notice 0:     Created 11 technology layers
Notice 0:     Created 25 technology vias
Notice 0:     Created 439 library cells
Notice 0: Finished LEF file:  /openLANE_flow/designs/spm/runs/19-07_12-45/tmp/merged.lef
Notice 0: 
Reading DEF file: /openLANE_flow/designs/spm/runs/19-07_12-45/tmp/floorplan/verilog2def_openroad.def
Notice 0: Design: spm
Notice 0:     Created 36 pins.
Notice 0:     Created 371 components and 1864 component-terminals.
Notice 0:     Created 406 nets and 1122 connections.
Notice 0: Finished DEF file: /openLANE_flow/designs/spm/runs/19-07_12-45/tmp/floorplan/verilog2def_openroad.def
[INFO]: Vertical Metal Layer: 3
[INFO]: Horizontal Metal Layer: 4
WARNING: force pin spread option has no effect when using random pin placement
 > Running IO placement
 * Num of slots          970
 * Num of I/O            36
 * Num of I/O w/sink     36
 * Num of I/O w/o sink   0
 * Slots Per Section     200
 * Slots Increase Factor 0.01
 * Usage Per Section     0.8
 * Usage Increase Factor 0.01
 * Force Pin Spread      1

WARNING: running random pin placement
RandomMode Even
 > IO placement done.
