
Magic 8.3 revision 32 - Compiled on Tue Jul  7 16:11:34 UTC 2020.
Starting magic under Tcl interpreter
Using the terminal as the console.
Using NULL graphics device.
Processing system .magicrc file
Sourcing design .magicrc for technology EFS8A ...
2 Magic internal units = 1 Lambda
Input style vendorimport: scaleFactor=2, multiplier=2
Scaled tech values by 2 / 1 to match internal grid scaling
Loading EFS8A Device Generator Menu ...
Loading "/openLANE_flow/scripts//magic_drc.tcl" from command line.
Reading LEF data from file /openLANE_flow/pdks//EFS8A/libs.ref/techLEF/scs8hd/scs8hd_tech.lef.
This action cannot be undone.
LEF read, Line 35 (Message): Unknown keyword "ANTENNAMODEL" in LEF file; ignoring.
LEF read, Line 36 (Message): Unknown keyword "ANTENNADIFFSIDEAREARATIO" in LEF file; ignoring.
LEF read, Line 71 (Message): Unknown keyword "ANTENNAMODEL" in LEF file; ignoring.
LEF read, Line 72 (Message): Unknown keyword "ANTENNADIFFSIDEAREARATIO" in LEF file; ignoring.
LEF read, Line 78 (Message): Unknown keyword "MAXIMUMDENSITY" in LEF file; ignoring.
LEF read, Line 79 (Message): Unknown keyword "DENSITYCHECKWINDOW" in LEF file; ignoring.
LEF read, Line 80 (Message): Unknown keyword "DENSITYCHECKSTEP" in LEF file; ignoring.
LEF read, Line 112 (Message): Unknown keyword "ANTENNAMODEL" in LEF file; ignoring.
LEF read, Line 116 (Message): Unknown keyword "ANTENNADIFFSIDEAREARATIO" in LEF file; ignoring.
LEF read, Line 118 (Message): Unknown keyword "MAXIMUMDENSITY" in LEF file; ignoring.
LEF read, Line 119 (Message): Unknown keyword "DENSITYCHECKWINDOW" in LEF file; ignoring.
LEF read, Line 120 (Message): Unknown keyword "DENSITYCHECKSTEP" in LEF file; ignoring.
LEF read, Line 156 (Message): Unknown keyword "ANTENNAMODEL" in LEF file; ignoring.
LEF read, Line 157 (Message): Unknown keyword "ANTENNADIFFSIDEAREARATIO" in LEF file; ignoring.
LEF read, Line 159 (Message): Unknown keyword "MAXIMUMDENSITY" in LEF file; ignoring.
LEF read, Line 160 (Message): Unknown keyword "DENSITYCHECKWINDOW" in LEF file; ignoring.
LEF read, Line 161 (Message): Unknown keyword "DENSITYCHECKSTEP" in LEF file; ignoring.
LEF read, Line 198 (Message): Unknown keyword "ANTENNAMODEL" in LEF file; ignoring.
LEF read, Line 199 (Message): Unknown keyword "ANTENNADIFFSIDEAREARATIO" in LEF file; ignoring.
LEF read, Line 201 (Message): Unknown keyword "MAXIMUMDENSITY" in LEF file; ignoring.
LEF read, Line 202 (Message): Unknown keyword "DENSITYCHECKWINDOW" in LEF file; ignoring.
LEF read, Line 203 (Message): Unknown keyword "DENSITYCHECKSTEP" in LEF file; ignoring.
LEF read, Line 234 (Message): Unknown keyword "ANTENNAMODEL" in LEF file; ignoring.
LEF read, Line 239 (Message): Unknown keyword "ANTENNADIFFSIDEAREARATIO" in LEF file; ignoring.
LEF read: Processed 746 lines.
Reading DEF data from file /openLANE_flow/designs/spm/runs/19-07_12-45//results/routing/spm.def.
This action cannot be undone.
  Processed 4 vias total.
  Processed 2939 subcell instances total.
  Processed 38 pins total.
  Processed 2 special nets total.
  Processed 406 nets total.
DEF read: Processed 11755 lines.
[INFO]: Loading spm

Loading DRC CIF style.
No errors found.
[INFO]: Saving mag view with DRC errors(/openLANE_flow/designs/spm/runs/19-07_12-45/results/magic/spm.drc.mag)
[INFO]: Saved
[INFO]: COUNT: 0
[INFO]: Should be divided by 3 or 4
[INFO]: DRC Checking DONE (/openLANE_flow/designs/spm/runs/19-07_12-45/results/magic/spm.drc)
